Using pre-set license
Built from '2020.3/staging' branch; Version is '2020.3.18f1 (a7d1c678663c) revision 10998214'; Using compiler version '192528614'; Build Type 'Release'
OS: 'Windows 10 Pro; OS build 19043.1288; Version 2009; 64bit' Language: 'pt' Physical Memory: 16310 MB
BatchMode: 1, IsHumanControllingUs: 0, StartBugReporterOnCrash: 0, Is64bit: 1, IsPro: 0

COMMAND LINE ARGUMENTS:
C:\Program Files\Unity\Hub\Editor\2020.3.18f1\Editor\Unity.exe
-adb2
-batchMode
-noUpm
-name
AssetImportWorker0
-projectPath
C:/Users/Lucas B Pereira/Desktop/Sem destino/GameTutorial/DevVersion-NJ
-logFile
Logs/AssetImportWorker0.log
-srvPort
62889
Successfully changed project path to: C:/Users/Lucas B Pereira/Desktop/Sem destino/GameTutorial/DevVersion-NJ
C:/Users/Lucas B Pereira/Desktop/Sem destino/GameTutorial/DevVersion-NJ
Using Asset Import Pipeline V2.
Refreshing native plugins compatible for Editor in 44.20 ms, found 2 plugins.
Preloading 0 native plugins for Editor in 0.00 ms.
Initialize engine version: 2020.3.18f1 (a7d1c678663c)
[Subsystems] Discovering subsystems at path C:/Program Files/Unity/Hub/Editor/2020.3.18f1/Editor/Data/Resources/UnitySubsystems
[Subsystems] Discovering subsystems at path C:/Users/Lucas B Pereira/Desktop/Sem destino/GameTutorial/DevVersion-NJ/Assets
GfxDevice: creating device client; threaded=0
Direct3D:
    Version:  Direct3D 11.0 [level 11.1]
    Renderer: Radeon RX 570 Series (ID=0x67df)
    Vendor:   
    VRAM:     4075 MB
    Driver:   27.20.22025.1006
Initialize mono
Mono path[0] = 'C:/Program Files/Unity/Hub/Editor/2020.3.18f1/Editor/Data/Managed'
Mono path[1] = 'C:/Program Files/Unity/Hub/Editor/2020.3.18f1/Editor/Data/MonoBleedingEdge/lib/mono/unityjit'
Mono config path = 'C:/Program Files/Unity/Hub/Editor/2020.3.18f1/Editor/Data/MonoBleedingEdge/etc'
Using monoOptions --debugger-agent=transport=dt_socket,embedding=1,server=y,suspend=n,address=127.0.0.1:56376
Begin MonoManager ReloadAssembly
Registering precompiled unity dll's ...
Register platform support module: C:/Program Files/Unity/Hub/Editor/2020.3.18f1/Editor/Data/PlaybackEngines/WindowsStandaloneSupport/UnityEditor.WindowsStandalone.Extensions.dll
Registered in 0.001832 seconds.
Native extension for WindowsStandalone target not found
Refreshing native plugins compatible for Editor in 43.39 ms, found 2 plugins.
Preloading 0 native plugins for Editor in 0.00 ms.
Mono: successfully reloaded assembly
- Completed reload, in  0.868 seconds
Domain Reload Profiling:
	ReloadAssembly (868ms)
		BeginReloadAssembly (42ms)
			ExecutionOrderSort (0ms)
			DisableScriptedObjects (0ms)
			BackupInstance (0ms)
			ReleaseScriptingObjects (0ms)
			CreateAndSetChildDomain (1ms)
		EndReloadAssembly (329ms)
			LoadAssemblies (40ms)
			RebuildTransferFunctionScriptingTraits (0ms)
			SetupTypeCache (117ms)
			ReleaseScriptCaches (0ms)
			RebuildScriptCaches (23ms)
			SetupLoadedEditorAssemblies (135ms)
				LogAssemblyErrors (0ms)
				InitializePlatformSupportModulesInManaged (3ms)
				SetLoadedEditorAssemblies (0ms)
				RefreshPlugins (43ms)
				BeforeProcessingInitializeOnLoad (10ms)
				ProcessInitializeOnLoadAttributes (59ms)
				ProcessInitializeOnLoadMethodAttributes (20ms)
				AfterProcessingInitializeOnLoad (0ms)
				EditorAssembliesLoaded (0ms)
			ExecutionOrderSort2 (0ms)
			AwakeInstancesAfterBackupRestoration (0ms)
Platform modules already initialized, skipping
Registering precompiled user dll's ...
Registered in 0.003033 seconds.
Begin MonoManager ReloadAssembly
Native extension for WindowsStandalone target not found
Refreshing native plugins compatible for Editor in 44.10 ms, found 2 plugins.
Preloading 0 native plugins for Editor in 0.00 ms.
Mono: successfully reloaded assembly
- Completed reload, in  0.892 seconds
Domain Reload Profiling:
	ReloadAssembly (892ms)
		BeginReloadAssembly (116ms)
			ExecutionOrderSort (0ms)
			DisableScriptedObjects (4ms)
			BackupInstance (0ms)
			ReleaseScriptingObjects (0ms)
			CreateAndSetChildDomain (15ms)
		EndReloadAssembly (721ms)
			LoadAssemblies (71ms)
			RebuildTransferFunctionScriptingTraits (0ms)
			SetupTypeCache (239ms)
			ReleaseScriptCaches (1ms)
			RebuildScriptCaches (38ms)
			SetupLoadedEditorAssemblies (275ms)
				LogAssemblyErrors (0ms)
				InitializePlatformSupportModulesInManaged (3ms)
				SetLoadedEditorAssemblies (0ms)
				RefreshPlugins (44ms)
				BeforeProcessingInitializeOnLoad (68ms)
				ProcessInitializeOnLoadAttributes (149ms)
				ProcessInitializeOnLoadMethodAttributes (4ms)
				AfterProcessingInitializeOnLoad (6ms)
				EditorAssembliesLoaded (0ms)
			ExecutionOrderSort2 (0ms)
			AwakeInstancesAfterBackupRestoration (5ms)
Platform modules already initialized, skipping
========================================================================
Worker process is ready to serve import requests
Launched and connected shader compiler UnityShaderCompiler.exe after 0.04 seconds
Refreshing native plugins compatible for Editor in 0.52 ms, found 2 plugins.
Preloading 0 native plugins for Editor in 0.00 ms.
Unloading 2705 Unused Serialized files (Serialized files now loaded: 0)
System memory in use before: 135.6 MB.
System memory in use after: 135.8 MB.

Unloading 17 unused Assets to reduce memory usage. Loaded Objects now: 3157.
Total: 2.889000 ms (FindLiveObjects: 0.254100 ms CreateObjectMapping: 0.068000 ms MarkObjects: 2.490600 ms  DeleteObjects: 0.075300 ms)

AssetImportParameters requested are different than current active one (requested -> active):
  custom:framework-win-MediaFoundation: 216162199b28c13a410421893ffa2e32 -> 
  custom:video-decoder-ogg-theora: a1e56fd34408186e4bbccfd4996cb3dc -> 
  custom:container-muxer-webm: aa71ff27fc2769a1b78a27578f13a17b -> 
  custom:container-demuxer-webm: 4f35f7cbe854078d1ac9338744f61a02 -> 
  custom:container-demuxer-ogg: 62fdf1f143b41e24485cea50d1cbac27 -> 
  custom:video-encoder-webm-vp8: eb34c28f22e8b96e1ab97ce403110664 -> 
  custom:video-decoder-webm-vp8: 9c59270c3fd7afecdb556c50c9e8de78 -> 
  custom:audio-decoder-ogg-vorbis: bf7c407c2cedff20999df2af8eb42d56 -> 
  custom:audio-encoder-webm-vorbis: bf7c407c2cedff20999df2af8eb42d56 -> 
========================================================================
Received Import Request.
  path: Assets/Scripts/Weapons
  artifactKey: Guid(216cd5d4a4ebebe478060aabe5643100) Importer(815301076,1909f56bfc062723c751e8b465ee728b)
Start importing Assets/Scripts/Weapons using Guid(216cd5d4a4ebebe478060aabe5643100) Importer(815301076,1909f56bfc062723c751e8b465ee728b)  -> (artifact id: '6b9ed99c76b9ea5eca4cbf555ff69cd1') in 0.009709 seconds 
  Import took 0.013517 seconds .

========================================================================
Received Import Request.
  Time since last request: 37.950656 seconds.
  path: Assets/External Polys
  artifactKey: Guid(b104fb2de8fd4d34b9c2e077c258e659) Importer(815301076,1909f56bfc062723c751e8b465ee728b)
Start importing Assets/External Polys using Guid(b104fb2de8fd4d34b9c2e077c258e659) Importer(815301076,1909f56bfc062723c751e8b465ee728b)  -> (artifact id: 'cd30cd532ed2ca23f95e2e170fab9c5c') in 0.008648 seconds 
  Import took 0.012364 seconds .

========================================================================
Received Import Request.
  Time since last request: 0.881554 seconds.
  path: Assets/External Polys/External
  artifactKey: Guid(1ffef578034799b4aa4d69d83d3de4a9) Importer(815301076,1909f56bfc062723c751e8b465ee728b)
Start importing Assets/External Polys/External using Guid(1ffef578034799b4aa4d69d83d3de4a9) Importer(815301076,1909f56bfc062723c751e8b465ee728b)  -> (artifact id: '9af83ee091a6a857d3fbe90c244db800') in 0.008624 seconds 
  Import took 0.012561 seconds .

========================================================================
Received Import Request.
  Time since last request: 1.324553 seconds.
  path: Assets/External Polys/External/SkySerie Freebie
  artifactKey: Guid(70e3e7deb56b61c4e95ee1789fbe70f7) Importer(815301076,1909f56bfc062723c751e8b465ee728b)
Start importing Assets/External Polys/External/SkySerie Freebie using Guid(70e3e7deb56b61c4e95ee1789fbe70f7) Importer(815301076,1909f56bfc062723c751e8b465ee728b)  -> (artifact id: '478a81323cc6aa8f817917a4e13b53d6') in 0.009005 seconds 
  Import took 0.012766 seconds .

========================================================================
Received Import Request.
  Time since last request: 0.048949 seconds.
  path: Assets/External Polys/External/SkySerie Freebie/CasualDay.mat
  artifactKey: Guid(85cf0b004bc4a654b9e501efcce47902) Importer(815301076,1909f56bfc062723c751e8b465ee728b)
Start importing Assets/External Polys/External/SkySerie Freebie/CasualDay.mat using Guid(85cf0b004bc4a654b9e501efcce47902) Importer(815301076,1909f56bfc062723c751e8b465ee728b)  -> (artifact id: '7edf32e8ff92b6c5a661a914d8783f81') in 0.221239 seconds 
  Import took 0.226831 seconds .

========================================================================
Received Import Request.
  Time since last request: 5.631348 seconds.
  path: Assets/External Polys/External/Low Poly Weapons VOL.1
  artifactKey: Guid(33fb7e6bf7ecb724aa943f8e768ea11e) Importer(815301076,1909f56bfc062723c751e8b465ee728b)
Start importing Assets/External Polys/External/Low Poly Weapons VOL.1 using Guid(33fb7e6bf7ecb724aa943f8e768ea11e) Importer(815301076,1909f56bfc062723c751e8b465ee728b)  -> (artifact id: '6eb644e98d2a9900144efc2189754e07') in 0.005697 seconds 
  Import took 0.009416 seconds .

========================================================================
Received Import Request.
  Time since last request: 0.034950 seconds.
  path: Assets/External Polys/External/Low Poly Weapons VOL.1/Gun_MAT.mat
  artifactKey: Guid(28f0b13c7e9707746b5e0b3336181560) Importer(815301076,1909f56bfc062723c751e8b465ee728b)
Start importing Assets/External Polys/External/Low Poly Weapons VOL.1/Gun_MAT.mat using Guid(28f0b13c7e9707746b5e0b3336181560) Importer(815301076,1909f56bfc062723c751e8b465ee728b)  -> (artifact id: 'd704ac5804015e2c324e0b8573db490c') in 0.043622 seconds 
  Import took 0.047323 seconds .

========================================================================
Received Import Request.
  Time since last request: 0.000135 seconds.
  path: Assets/External Polys/External/Low Poly Weapons VOL.1/Textures_Guns.png
  artifactKey: Guid(6a376fb3e11ce334ca96f417cead6576) Importer(815301076,1909f56bfc062723c751e8b465ee728b)
Start importing Assets/External Polys/External/Low Poly Weapons VOL.1/Textures_Guns.png using Guid(6a376fb3e11ce334ca96f417cead6576) Importer(815301076,1909f56bfc062723c751e8b465ee728b)  -> (artifact id: '12d8ae13da3e74f573253c2f4c68831c') in 0.019382 seconds 
  Import took 0.022538 seconds .

========================================================================
Received Import Request.
  Time since last request: 0.001764 seconds.
  path: Assets/External Polys/External/Low Poly Weapons VOL.1/Textures_Guns.png
  artifactKey: Guid(6a376fb3e11ce334ca96f417cead6576) Importer(815301076,1909f56bfc062723c751e8b465ee728b)
Start importing Assets/External Polys/External/Low Poly Weapons VOL.1/Textures_Guns.png using Guid(6a376fb3e11ce334ca96f417cead6576) Importer(815301076,1909f56bfc062723c751e8b465ee728b)  -> (artifact id: '12d8ae13da3e74f573253c2f4c68831c') in 0.007954 seconds 
  Import took 0.011940 seconds .

========================================================================
Received Import Request.
  Time since last request: 0.999932 seconds.
  path: Assets/External Polys/External/Low Poly Weapons VOL.1/Models
  artifactKey: Guid(c2ea3f448776c9645ba9ffd49106fa9a) Importer(815301076,1909f56bfc062723c751e8b465ee728b)
Start importing Assets/External Polys/External/Low Poly Weapons VOL.1/Models using Guid(c2ea3f448776c9645ba9ffd49106fa9a) Importer(815301076,1909f56bfc062723c751e8b465ee728b)  -> (artifact id: '111f45647244fdde4ebec711a1449b8d') in 0.005801 seconds 
  Import took 0.009599 seconds .

========================================================================
Received Import Request.
  Time since last request: 0.077564 seconds.
  path: Assets/External Polys/External/Low Poly Weapons VOL.1/Models/AK74.fbx
  artifactKey: Guid(6f966b9a7c817ed49973b4a8762cbbdf) Importer(815301076,1909f56bfc062723c751e8b465ee728b)
Start importing Assets/External Polys/External/Low Poly Weapons VOL.1/Models/AK74.fbx using Guid(6f966b9a7c817ed49973b4a8762cbbdf) Importer(815301076,1909f56bfc062723c751e8b465ee728b)  -> (artifact id: '8fdb081966dea97db1c2d4672a1b1e92') in 0.266962 seconds 
  Import took 0.270954 seconds .

========================================================================
Received Import Request.
  Time since last request: 0.000168 seconds.
  path: Assets/External Polys/External/Low Poly Weapons VOL.1/Models/RPG7.fbx
  artifactKey: Guid(4e5ce0b6f97fdbc40b7bc818b06b80ba) Importer(815301076,1909f56bfc062723c751e8b465ee728b)
Start importing Assets/External Polys/External/Low Poly Weapons VOL.1/Models/RPG7.fbx using Guid(4e5ce0b6f97fdbc40b7bc818b06b80ba) Importer(815301076,1909f56bfc062723c751e8b465ee728b)  -> (artifact id: 'a7054e61542ba3ad5fe50fea7842df34') in 0.041088 seconds 
  Import took 0.044430 seconds .

========================================================================
Received Import Request.
  Time since last request: 0.000169 seconds.
  path: Assets/External Polys/External/Low Poly Weapons VOL.1/Models/M4_8.fbx
  artifactKey: Guid(c7741850eebe1df4ea75a80275b16311) Importer(815301076,1909f56bfc062723c751e8b465ee728b)
Start importing Assets/External Polys/External/Low Poly Weapons VOL.1/Models/M4_8.fbx using Guid(c7741850eebe1df4ea75a80275b16311) Importer(815301076,1909f56bfc062723c751e8b465ee728b)  -> (artifact id: '8fb1bd214071de734acba0d136ba0e74') in 0.062852 seconds 
  Import took 0.066532 seconds .

========================================================================
Received Import Request.
  Time since last request: 0.000197 seconds.
  path: Assets/External Polys/External/Low Poly Weapons VOL.1/Models/Flash.fbx
  artifactKey: Guid(0463b32f3348438449af40d60686807b) Importer(815301076,1909f56bfc062723c751e8b465ee728b)
Start importing Assets/External Polys/External/Low Poly Weapons VOL.1/Models/Flash.fbx using Guid(0463b32f3348438449af40d60686807b) Importer(815301076,1909f56bfc062723c751e8b465ee728b)  -> (artifact id: '3c4968754e4ca629224f58880c129ff9') in 0.027523 seconds 
  Import took 0.031366 seconds .

========================================================================
Received Import Request.
  Time since last request: 0.000159 seconds.
  path: Assets/External Polys/External/Low Poly Weapons VOL.1/Models/Smoke.fbx
  artifactKey: Guid(fdd9b790eff3ea74d9c1ccf2c0db76bb) Importer(815301076,1909f56bfc062723c751e8b465ee728b)
Start importing Assets/External Polys/External/Low Poly Weapons VOL.1/Models/Smoke.fbx using Guid(fdd9b790eff3ea74d9c1ccf2c0db76bb) Importer(815301076,1909f56bfc062723c751e8b465ee728b)  -> (artifact id: '966cffa3ad8d8f9389aa6d7b0995f0d7') in 0.026896 seconds 
  Import took 0.030448 seconds .

========================================================================
Received Import Request.
  Time since last request: 0.000148 seconds.
  path: Assets/External Polys/External/Low Poly Weapons VOL.1/Models/Bennelli_M4.fbx
  artifactKey: Guid(bf2593fe0c804b84688e307cfb1ddfae) Importer(815301076,1909f56bfc062723c751e8b465ee728b)
Start importing Assets/External Polys/External/Low Poly Weapons VOL.1/Models/Bennelli_M4.fbx using Guid(bf2593fe0c804b84688e307cfb1ddfae) Importer(815301076,1909f56bfc062723c751e8b465ee728b)  -> (artifact id: 'b0afe7d75edd5359e99980a6de0af59b') in 0.035035 seconds 
  Import took 0.038273 seconds .

========================================================================
Received Import Request.
  Time since last request: 0.000161 seconds.
  path: Assets/External Polys/External/Low Poly Weapons VOL.1/Models/RGD-5.fbx
  artifactKey: Guid(cecca25c94780ca428d51ab9f5894270) Importer(815301076,1909f56bfc062723c751e8b465ee728b)
Start importing Assets/External Polys/External/Low Poly Weapons VOL.1/Models/RGD-5.fbx using Guid(cecca25c94780ca428d51ab9f5894270) Importer(815301076,1909f56bfc062723c751e8b465ee728b)  -> (artifact id: '3c7273c5162d1eebcc8913daf1c01690') in 0.030734 seconds 
  Import took 0.034524 seconds .

========================================================================
Received Import Request.
  Time since last request: 0.000166 seconds.
  path: Assets/External Polys/External/Low Poly Weapons VOL.1/Models/M107.fbx
  artifactKey: Guid(a0e70037533056249a1bcaf8b480c5cb) Importer(815301076,1909f56bfc062723c751e8b465ee728b)
Start importing Assets/External Polys/External/Low Poly Weapons VOL.1/Models/M107.fbx using Guid(a0e70037533056249a1bcaf8b480c5cb) Importer(815301076,1909f56bfc062723c751e8b465ee728b)  -> (artifact id: '7fbd4811d9fc562fbd49ac7d8f98bde7') in 0.044240 seconds 
  Import took 0.047490 seconds .

========================================================================
Received Import Request.
  Time since last request: 0.000174 seconds.
  path: Assets/External Polys/External/Low Poly Weapons VOL.1/Models/Uzi.fbx
  artifactKey: Guid(ff8c9f278b5bc8e4c894e1122f4a81f3) Importer(815301076,1909f56bfc062723c751e8b465ee728b)
Start importing Assets/External Polys/External/Low Poly Weapons VOL.1/Models/Uzi.fbx using Guid(ff8c9f278b5bc8e4c894e1122f4a81f3) Importer(815301076,1909f56bfc062723c751e8b465ee728b)  -> (artifact id: '4cb0b70cb5545be0c2c24d60a133e82f') in 0.054786 seconds 
  Import took 0.058135 seconds .

========================================================================
Received Import Request.
  Time since last request: 0.000179 seconds.
  path: Assets/External Polys/External/Low Poly Weapons VOL.1/Models/ELCAN.fbx
  artifactKey: Guid(7430c7a2877dd0b429a981e69ac2ed00) Importer(815301076,1909f56bfc062723c751e8b465ee728b)
Start importing Assets/External Polys/External/Low Poly Weapons VOL.1/Models/ELCAN.fbx using Guid(7430c7a2877dd0b429a981e69ac2ed00) Importer(815301076,1909f56bfc062723c751e8b465ee728b)  -> (artifact id: '0e9eed3ec33f99da7bac59273069c13d') in 0.020800 seconds 
  Import took 0.024605 seconds .

========================================================================
Received Import Request.
  Time since last request: 0.000161 seconds.
  path: Assets/External Polys/External/Low Poly Weapons VOL.1/Models/M249.fbx
  artifactKey: Guid(01890195b95a26f4fa4aa4f8f5a0cc5e) Importer(815301076,1909f56bfc062723c751e8b465ee728b)
Start importing Assets/External Polys/External/Low Poly Weapons VOL.1/Models/M249.fbx using Guid(01890195b95a26f4fa4aa4f8f5a0cc5e) Importer(815301076,1909f56bfc062723c751e8b465ee728b)  -> (artifact id: '0c6fa1e5befad828de729232c659b41a') in 0.050378 seconds 
  Import took 0.054028 seconds .

========================================================================
Received Import Request.
  Time since last request: 0.000173 seconds.
  path: Assets/External Polys/External/Low Poly Weapons VOL.1/Models/TAN_LR_Scope_01.fbx
  artifactKey: Guid(2bbc7effaf5e34b4e9358a6c93bb1382) Importer(815301076,1909f56bfc062723c751e8b465ee728b)
Start importing Assets/External Polys/External/Low Poly Weapons VOL.1/Models/TAN_LR_Scope_01.fbx using Guid(2bbc7effaf5e34b4e9358a6c93bb1382) Importer(815301076,1909f56bfc062723c751e8b465ee728b)  -> (artifact id: '6c9889928c97e651df24dacf302508e0') in 0.031198 seconds 
  Import took 0.034573 seconds .

========================================================================
Received Import Request.
  Time since last request: 0.000158 seconds.
  path: Assets/External Polys/External/Low Poly Weapons VOL.1/Models/ANPEQ15.fbx
  artifactKey: Guid(8cbbb35c5fcc276458e3e8865abf1341) Importer(815301076,1909f56bfc062723c751e8b465ee728b)
Start importing Assets/External Polys/External/Low Poly Weapons VOL.1/Models/ANPEQ15.fbx using Guid(8cbbb35c5fcc276458e3e8865abf1341) Importer(815301076,1909f56bfc062723c751e8b465ee728b)  -> (artifact id: '927f0c2c12cba9fd47b6f3b449363a3b') in 0.019066 seconds 
  Import took 0.022317 seconds .

========================================================================
Received Import Request.
  Time since last request: 0.000157 seconds.
  path: Assets/External Polys/External/Low Poly Weapons VOL.1/Models/M2_50cal.fbx
  artifactKey: Guid(018d5bd3bfb8b6a49a8b354ba11e4a8f) Importer(815301076,1909f56bfc062723c751e8b465ee728b)
Start importing Assets/External Polys/External/Low Poly Weapons VOL.1/Models/M2_50cal.fbx using Guid(018d5bd3bfb8b6a49a8b354ba11e4a8f) Importer(815301076,1909f56bfc062723c751e8b465ee728b)  -> (artifact id: 'e9d6005f0cc7dd6a9af139c5041a0c6b') in 0.046842 seconds 
  Import took 0.050540 seconds .

========================================================================
Received Import Request.
  Time since last request: 0.000157 seconds.
  path: Assets/External Polys/External/Low Poly Weapons VOL.1/Models/M1911.fbx
  artifactKey: Guid(b812e42521a5a27499e76cc5ed56e3ac) Importer(815301076,1909f56bfc062723c751e8b465ee728b)
Start importing Assets/External Polys/External/Low Poly Weapons VOL.1/Models/M1911.fbx using Guid(b812e42521a5a27499e76cc5ed56e3ac) Importer(815301076,1909f56bfc062723c751e8b465ee728b)  -> (artifact id: '1cfceffd678523a491e75b049d67a42f') in 0.039003 seconds 
  Import took 0.042684 seconds .

========================================================================
Received Import Request.
  Time since last request: 0.000174 seconds.
  path: Assets/External Polys/External/Low Poly Weapons VOL.1/Models/SR_Scope_00.fbx
  artifactKey: Guid(2e652e63fbd52af41856733acbfe5c18) Importer(815301076,1909f56bfc062723c751e8b465ee728b)
Start importing Assets/External Polys/External/Low Poly Weapons VOL.1/Models/SR_Scope_00.fbx using Guid(2e652e63fbd52af41856733acbfe5c18) Importer(815301076,1909f56bfc062723c751e8b465ee728b)  -> (artifact id: 'a544814b6d9f18f4254c3c0746443d56') in 0.023869 seconds 
  Import took 0.027165 seconds .

========================================================================
Received Prepare
Registering precompiled user dll's ...
Registered in 0.003462 seconds.
Begin MonoManager ReloadAssembly
Native extension for WindowsStandalone target not found
Refreshing native plugins compatible for Editor in 0.55 ms, found 2 plugins.
Preloading 0 native plugins for Editor in 0.00 ms.
Mono: successfully reloaded assembly
- Completed reload, in  0.849 seconds
Domain Reload Profiling:
	ReloadAssembly (849ms)
		BeginReloadAssembly (110ms)
			ExecutionOrderSort (0ms)
			DisableScriptedObjects (5ms)
			BackupInstance (0ms)
			ReleaseScriptingObjects (0ms)
			CreateAndSetChildDomain (32ms)
		EndReloadAssembly (687ms)
			LoadAssemblies (69ms)
			RebuildTransferFunctionScriptingTraits (0ms)
			SetupTypeCache (235ms)
			ReleaseScriptCaches (1ms)
			RebuildScriptCaches (35ms)
			SetupLoadedEditorAssemblies (231ms)
				LogAssemblyErrors (0ms)
				InitializePlatformSupportModulesInManaged (3ms)
				SetLoadedEditorAssemblies (0ms)
				RefreshPlugins (1ms)
				BeforeProcessingInitializeOnLoad (79ms)
				ProcessInitializeOnLoadAttributes (139ms)
				ProcessInitializeOnLoadMethodAttributes (3ms)
				AfterProcessingInitializeOnLoad (6ms)
				EditorAssembliesLoaded (0ms)
			ExecutionOrderSort2 (0ms)
			AwakeInstancesAfterBackupRestoration (12ms)
Platform modules already initialized, skipping
Refreshing native plugins compatible for Editor in 0.51 ms, found 2 plugins.
Preloading 0 native plugins for Editor in 0.00 ms.
Unloading 2596 Unused Serialized files (Serialized files now loaded: 0)
System memory in use before: 134.5 MB.
System memory in use after: 134.7 MB.

Unloading 12 unused Assets to reduce memory usage. Loaded Objects now: 3242.
Total: 2.781200 ms (FindLiveObjects: 0.243700 ms CreateObjectMapping: 0.064500 ms MarkObjects: 2.460000 ms  DeleteObjects: 0.012200 ms)

AssetImportParameters requested are different than current active one (requested -> active):
  custom:framework-win-MediaFoundation: 216162199b28c13a410421893ffa2e32 -> 
  custom:video-decoder-ogg-theora: a1e56fd34408186e4bbccfd4996cb3dc -> 
  custom:container-muxer-webm: aa71ff27fc2769a1b78a27578f13a17b -> 
  custom:container-demuxer-webm: 4f35f7cbe854078d1ac9338744f61a02 -> 
  custom:container-demuxer-ogg: 62fdf1f143b41e24485cea50d1cbac27 -> 
  custom:video-encoder-webm-vp8: eb34c28f22e8b96e1ab97ce403110664 -> 
  custom:video-decoder-webm-vp8: 9c59270c3fd7afecdb556c50c9e8de78 -> 
  custom:audio-decoder-ogg-vorbis: bf7c407c2cedff20999df2af8eb42d56 -> 
  custom:audio-encoder-webm-vorbis: bf7c407c2cedff20999df2af8eb42d56 -> 
========================================================================
Received Import Request.
  Time since last request: 83.392616 seconds.
  path: Assets/External Polys/External/Low Poly Weapons VOL.1/Prefabs
  artifactKey: Guid(4b1dba3d474fa064b9375a0fabfa491f) Importer(815301076,1909f56bfc062723c751e8b465ee728b)
Start importing Assets/External Polys/External/Low Poly Weapons VOL.1/Prefabs using Guid(4b1dba3d474fa064b9375a0fabfa491f) Importer(815301076,1909f56bfc062723c751e8b465ee728b)  -> (artifact id: '97b023e5da05e5850d7f33c08fa9da12') in 0.008126 seconds 
  Import took 0.011749 seconds .

========================================================================
Received Import Request.
  Time since last request: 3.326535 seconds.
  path: Assets/External Polys/External/Low Poly Weapons VOL.1/Prefabs/AK74.prefab
  artifactKey: Guid(ee329c3cd08e58645834d20702d7f6c6) Importer(815301076,1909f56bfc062723c751e8b465ee728b)
Start importing Assets/External Polys/External/Low Poly Weapons VOL.1/Prefabs/AK74.prefab using Guid(ee329c3cd08e58645834d20702d7f6c6) Importer(815301076,1909f56bfc062723c751e8b465ee728b)  -> (artifact id: '1c47115aaeecaec511882898a1beab45') in 0.120524 seconds 
  Import took 0.124413 seconds .

========================================================================
Received Import Request.
  Time since last request: 0.000170 seconds.
  path: Assets/External Polys/External/Low Poly Weapons VOL.1/Prefabs/ANPEQ15.prefab
  artifactKey: Guid(0c4a58b408c72d141bb4ae5633ef3744) Importer(815301076,1909f56bfc062723c751e8b465ee728b)
Start importing Assets/External Polys/External/Low Poly Weapons VOL.1/Prefabs/ANPEQ15.prefab using Guid(0c4a58b408c72d141bb4ae5633ef3744) Importer(815301076,1909f56bfc062723c751e8b465ee728b)  -> (artifact id: '25d1aa9a3e78edf2ab0a008b5063405a') in 0.010541 seconds 
  Import took 0.014183 seconds .

========================================================================
Received Import Request.
  Time since last request: 0.000146 seconds.
  path: Assets/External Polys/External/Low Poly Weapons VOL.1/Prefabs/Uzi.prefab
  artifactKey: Guid(6273e2936e9d6a24e9f64c7c70d6bd19) Importer(815301076,1909f56bfc062723c751e8b465ee728b)
Start importing Assets/External Polys/External/Low Poly Weapons VOL.1/Prefabs/Uzi.prefab using Guid(6273e2936e9d6a24e9f64c7c70d6bd19) Importer(815301076,1909f56bfc062723c751e8b465ee728b)  -> (artifact id: 'cf0db045add828fb536ad8a232058ab7') in 0.010778 seconds 
  Import took 0.014337 seconds .

========================================================================
Received Import Request.
  Time since last request: 0.000182 seconds.
  path: Assets/External Polys/External/Low Poly Weapons VOL.1/Prefabs/M2_50cal.prefab
  artifactKey: Guid(3077a2b322d12b94c975bb1c7b2993fb) Importer(815301076,1909f56bfc062723c751e8b465ee728b)
Start importing Assets/External Polys/External/Low Poly Weapons VOL.1/Prefabs/M2_50cal.prefab using Guid(3077a2b322d12b94c975bb1c7b2993fb) Importer(815301076,1909f56bfc062723c751e8b465ee728b)  -> (artifact id: '471625225bbdef3eb9ef53b5035f5623') in 0.011718 seconds 
  Import took 0.015501 seconds .

========================================================================
Received Import Request.
  Time since last request: 0.000168 seconds.
  path: Assets/External Polys/External/Low Poly Weapons VOL.1/Prefabs/TAN_LR_Scope_01.prefab
  artifactKey: Guid(49535f27af2648646a94c1f9918737d6) Importer(815301076,1909f56bfc062723c751e8b465ee728b)
Start importing Assets/External Polys/External/Low Poly Weapons VOL.1/Prefabs/TAN_LR_Scope_01.prefab using Guid(49535f27af2648646a94c1f9918737d6) Importer(815301076,1909f56bfc062723c751e8b465ee728b)  -> (artifact id: 'c2d608fd5327944badbe51730b45f654') in 0.010425 seconds 
  Import took 0.013712 seconds .

========================================================================
Received Import Request.
  Time since last request: 0.000140 seconds.
  path: Assets/External Polys/External/Low Poly Weapons VOL.1/Prefabs/SR_Scope_00.prefab
  artifactKey: Guid(cb825447b7c1ef442a049949c3f95ba7) Importer(815301076,1909f56bfc062723c751e8b465ee728b)
Start importing Assets/External Polys/External/Low Poly Weapons VOL.1/Prefabs/SR_Scope_00.prefab using Guid(cb825447b7c1ef442a049949c3f95ba7) Importer(815301076,1909f56bfc062723c751e8b465ee728b)  -> (artifact id: '7e4979d738efe6a49196ca6a31056075') in 0.010201 seconds 
  Import took 0.013637 seconds .

========================================================================
Received Import Request.
  Time since last request: 0.000151 seconds.
  path: Assets/External Polys/External/Low Poly Weapons VOL.1/Prefabs/Smoke.prefab
  artifactKey: Guid(8b4cba336c093ff41ae9321f9f8433d6) Importer(815301076,1909f56bfc062723c751e8b465ee728b)
Start importing Assets/External Polys/External/Low Poly Weapons VOL.1/Prefabs/Smoke.prefab using Guid(8b4cba336c093ff41ae9321f9f8433d6) Importer(815301076,1909f56bfc062723c751e8b465ee728b)  -> (artifact id: '396dbc3c78df478cb3727e43c45cef88') in 0.010329 seconds 
  Import took 0.014138 seconds .

========================================================================
Received Import Request.
  Time since last request: 0.000152 seconds.
  path: Assets/External Polys/External/Low Poly Weapons VOL.1/Prefabs/Flash.prefab
  artifactKey: Guid(c0f110e4459b675489b7db1e686d5bc3) Importer(815301076,1909f56bfc062723c751e8b465ee728b)
Start importing Assets/External Polys/External/Low Poly Weapons VOL.1/Prefabs/Flash.prefab using Guid(c0f110e4459b675489b7db1e686d5bc3) Importer(815301076,1909f56bfc062723c751e8b465ee728b)  -> (artifact id: 'cdaece3788b307edb791d0e03115c234') in 0.010284 seconds 
  Import took 0.013688 seconds .

========================================================================
Received Import Request.
  Time since last request: 0.000158 seconds.
  path: Assets/External Polys/External/Low Poly Weapons VOL.1/Prefabs/M107.prefab
  artifactKey: Guid(7359baf27e84aa44cafac3788c8be0f1) Importer(815301076,1909f56bfc062723c751e8b465ee728b)
Start importing Assets/External Polys/External/Low Poly Weapons VOL.1/Prefabs/M107.prefab using Guid(7359baf27e84aa44cafac3788c8be0f1) Importer(815301076,1909f56bfc062723c751e8b465ee728b)  -> (artifact id: '8ac8cc38c68410dce543861a1ad6f780') in 0.010746 seconds 
  Import took 0.014335 seconds .

========================================================================
Received Import Request.
  Time since last request: 0.000141 seconds.
  path: Assets/External Polys/External/Low Poly Weapons VOL.1/Prefabs/RGD-5.prefab
  artifactKey: Guid(5a2bf64643e1fb0439ea39c0fc9b00ff) Importer(815301076,1909f56bfc062723c751e8b465ee728b)
Start importing Assets/External Polys/External/Low Poly Weapons VOL.1/Prefabs/RGD-5.prefab using Guid(5a2bf64643e1fb0439ea39c0fc9b00ff) Importer(815301076,1909f56bfc062723c751e8b465ee728b)  -> (artifact id: '1e7fc9cc2a5e85faddf3b46b556cec4d') in 0.009926 seconds 
  Import took 0.013544 seconds .

========================================================================
Received Import Request.
  Time since last request: 0.000145 seconds.
  path: Assets/External Polys/External/Low Poly Weapons VOL.1/Prefabs/Bennelli_M4.prefab
  artifactKey: Guid(8b0b86b42def11849a8eba21f4a6a684) Importer(815301076,1909f56bfc062723c751e8b465ee728b)
Start importing Assets/External Polys/External/Low Poly Weapons VOL.1/Prefabs/Bennelli_M4.prefab using Guid(8b0b86b42def11849a8eba21f4a6a684) Importer(815301076,1909f56bfc062723c751e8b465ee728b)  -> (artifact id: '2221a87d466dd307771ebd1b8c3bb00c') in 0.011208 seconds 
  Import took 0.014789 seconds .

========================================================================
Received Import Request.
  Time since last request: 0.000159 seconds.
  path: Assets/External Polys/External/Low Poly Weapons VOL.1/Prefabs/M1911.prefab
  artifactKey: Guid(6f1a7354265853f44b0ed5e2e43676ad) Importer(815301076,1909f56bfc062723c751e8b465ee728b)
Start importing Assets/External Polys/External/Low Poly Weapons VOL.1/Prefabs/M1911.prefab using Guid(6f1a7354265853f44b0ed5e2e43676ad) Importer(815301076,1909f56bfc062723c751e8b465ee728b)  -> (artifact id: '4c6506c372dae988ae456c3b37e982f5') in 0.010881 seconds 
  Import took 0.014372 seconds .

========================================================================
Received Import Request.
  Time since last request: 0.000153 seconds.
  path: Assets/External Polys/External/Low Poly Weapons VOL.1/Prefabs/M4_8.prefab
  artifactKey: Guid(689946d975a0e55449b1e7ae41933e73) Importer(815301076,1909f56bfc062723c751e8b465ee728b)
Start importing Assets/External Polys/External/Low Poly Weapons VOL.1/Prefabs/M4_8.prefab using Guid(689946d975a0e55449b1e7ae41933e73) Importer(815301076,1909f56bfc062723c751e8b465ee728b)  -> (artifact id: 'db32977d40b435804cc4d66158a9e901') in 0.011354 seconds 
  Import took 0.015045 seconds .

========================================================================
Received Import Request.
  Time since last request: 0.000142 seconds.
  path: Assets/External Polys/External/Low Poly Weapons VOL.1/Prefabs/M249.prefab
  artifactKey: Guid(432643b6e5110004083fdff3e33e490b) Importer(815301076,1909f56bfc062723c751e8b465ee728b)
Start importing Assets/External Polys/External/Low Poly Weapons VOL.1/Prefabs/M249.prefab using Guid(432643b6e5110004083fdff3e33e490b) Importer(815301076,1909f56bfc062723c751e8b465ee728b)  -> (artifact id: 'cd5e8b2b271ced2f02abc14d0ba2cf68') in 0.011472 seconds 
  Import took 0.015082 seconds .

========================================================================
Received Import Request.
  Time since last request: 0.000175 seconds.
  path: Assets/External Polys/External/Low Poly Weapons VOL.1/Prefabs/RPG7.prefab
  artifactKey: Guid(02baef62b1bfedf40bb369fb7542b9e7) Importer(815301076,1909f56bfc062723c751e8b465ee728b)
Start importing Assets/External Polys/External/Low Poly Weapons VOL.1/Prefabs/RPG7.prefab using Guid(02baef62b1bfedf40bb369fb7542b9e7) Importer(815301076,1909f56bfc062723c751e8b465ee728b)  -> (artifact id: '1096ea870870e1431732b333e86bf753') in 0.010574 seconds 
  Import took 0.014341 seconds .

========================================================================
Received Import Request.
  Time since last request: 0.000165 seconds.
  path: Assets/External Polys/External/Low Poly Weapons VOL.1/Prefabs/ELCAN.prefab
  artifactKey: Guid(75aeffeed5a736f46afbef3a42e93fab) Importer(815301076,1909f56bfc062723c751e8b465ee728b)
Start importing Assets/External Polys/External/Low Poly Weapons VOL.1/Prefabs/ELCAN.prefab using Guid(75aeffeed5a736f46afbef3a42e93fab) Importer(815301076,1909f56bfc062723c751e8b465ee728b)  -> (artifact id: '69afbf801959e3a3da3781dcb14dd551') in 0.010196 seconds 
  Import took 0.013587 seconds .

========================================================================
Received Prepare
Registering precompiled user dll's ...
Registered in 0.003236 seconds.
Begin MonoManager ReloadAssembly
Native extension for WindowsStandalone target not found
Refreshing native plugins compatible for Editor in 0.51 ms, found 2 plugins.
Preloading 0 native plugins for Editor in 0.00 ms.
Mono: successfully reloaded assembly
- Completed reload, in  0.833 seconds
Domain Reload Profiling:
	ReloadAssembly (833ms)
		BeginReloadAssembly (99ms)
			ExecutionOrderSort (0ms)
			DisableScriptedObjects (5ms)
			BackupInstance (0ms)
			ReleaseScriptingObjects (0ms)
			CreateAndSetChildDomain (30ms)
		EndReloadAssembly (681ms)
			LoadAssemblies (68ms)
			RebuildTransferFunctionScriptingTraits (0ms)
			SetupTypeCache (238ms)
			ReleaseScriptCaches (1ms)
			RebuildScriptCaches (33ms)
			SetupLoadedEditorAssemblies (225ms)
				LogAssemblyErrors (0ms)
				InitializePlatformSupportModulesInManaged (3ms)
				SetLoadedEditorAssemblies (0ms)
				RefreshPlugins (1ms)
				BeforeProcessingInitializeOnLoad (77ms)
				ProcessInitializeOnLoadAttributes (135ms)
				ProcessInitializeOnLoadMethodAttributes (3ms)
				AfterProcessingInitializeOnLoad (6ms)
				EditorAssembliesLoaded (0ms)
			ExecutionOrderSort2 (0ms)
			AwakeInstancesAfterBackupRestoration (12ms)
Platform modules already initialized, skipping
Refreshing native plugins compatible for Editor in 0.55 ms, found 2 plugins.
Preloading 0 native plugins for Editor in 0.00 ms.
Unloading 2596 Unused Serialized files (Serialized files now loaded: 0)
System memory in use before: 134.7 MB.
System memory in use after: 134.9 MB.

Unloading 12 unused Assets to reduce memory usage. Loaded Objects now: 3280.
Total: 2.913200 ms (FindLiveObjects: 0.265800 ms CreateObjectMapping: 0.065800 ms MarkObjects: 2.567300 ms  DeleteObjects: 0.013300 ms)

AssetImportParameters requested are different than current active one (requested -> active):
  custom:framework-win-MediaFoundation: 216162199b28c13a410421893ffa2e32 -> 
  custom:video-decoder-ogg-theora: a1e56fd34408186e4bbccfd4996cb3dc -> 
  custom:container-muxer-webm: aa71ff27fc2769a1b78a27578f13a17b -> 
  custom:container-demuxer-webm: 4f35f7cbe854078d1ac9338744f61a02 -> 
  custom:container-demuxer-ogg: 62fdf1f143b41e24485cea50d1cbac27 -> 
  custom:video-encoder-webm-vp8: eb34c28f22e8b96e1ab97ce403110664 -> 
  custom:video-decoder-webm-vp8: 9c59270c3fd7afecdb556c50c9e8de78 -> 
  custom:audio-decoder-ogg-vorbis: bf7c407c2cedff20999df2af8eb42d56 -> 
  custom:audio-encoder-webm-vorbis: bf7c407c2cedff20999df2af8eb42d56 -> 
========================================================================
Received Import Request.
  Time since last request: 379.546055 seconds.
  path: Assets/Low Poly Weapons VOL.1/Gun_MAT.mat
  artifactKey: Guid(28f0b13c7e9707746b5e0b3336181560) Importer(815301076,1909f56bfc062723c751e8b465ee728b)
Start importing Assets/Low Poly Weapons VOL.1/Gun_MAT.mat using Guid(28f0b13c7e9707746b5e0b3336181560) Importer(815301076,1909f56bfc062723c751e8b465ee728b)  -> (artifact id: '6b4a3a8755bd6591d6767a6b66a02826') in 0.121672 seconds 
  Import took 0.125963 seconds .

========================================================================
Received Import Request.
  Time since last request: 15.074632 seconds.
  path: Assets/External Polys/External/Low Poly Weapons VOL.1/Prefabs/AK74.prefab
  artifactKey: Guid(ee329c3cd08e58645834d20702d7f6c6) Importer(815301076,1909f56bfc062723c751e8b465ee728b)
Start importing Assets/External Polys/External/Low Poly Weapons VOL.1/Prefabs/AK74.prefab using Guid(ee329c3cd08e58645834d20702d7f6c6) Importer(815301076,1909f56bfc062723c751e8b465ee728b)  -> (artifact id: '998073a797ffde458b19f8d1ce910972') in 0.016040 seconds 
  Import took 0.019883 seconds .

========================================================================
Received Import Request.
  Time since last request: 0.000175 seconds.
  path: Assets/External Polys/External/Low Poly Weapons VOL.1/Prefabs/ANPEQ15.prefab
  artifactKey: Guid(0c4a58b408c72d141bb4ae5633ef3744) Importer(815301076,1909f56bfc062723c751e8b465ee728b)
Start importing Assets/External Polys/External/Low Poly Weapons VOL.1/Prefabs/ANPEQ15.prefab using Guid(0c4a58b408c72d141bb4ae5633ef3744) Importer(815301076,1909f56bfc062723c751e8b465ee728b)  -> (artifact id: '240bfa1171ef5f4d64224dbeca19ed08') in 0.010223 seconds 
  Import took 0.013525 seconds .

========================================================================
Received Import Request.
  Time since last request: 0.000160 seconds.
  path: Assets/External Polys/External/Low Poly Weapons VOL.1/Prefabs/Uzi.prefab
  artifactKey: Guid(6273e2936e9d6a24e9f64c7c70d6bd19) Importer(815301076,1909f56bfc062723c751e8b465ee728b)
Start importing Assets/External Polys/External/Low Poly Weapons VOL.1/Prefabs/Uzi.prefab using Guid(6273e2936e9d6a24e9f64c7c70d6bd19) Importer(815301076,1909f56bfc062723c751e8b465ee728b)  -> (artifact id: 'bc66601897c131420eb3b54085c66053') in 0.008674 seconds 
  Import took 0.011942 seconds .

========================================================================
Received Import Request.
  Time since last request: 0.000158 seconds.
  path: Assets/External Polys/External/Low Poly Weapons VOL.1/Prefabs/M2_50cal.prefab
  artifactKey: Guid(3077a2b322d12b94c975bb1c7b2993fb) Importer(815301076,1909f56bfc062723c751e8b465ee728b)
Start importing Assets/External Polys/External/Low Poly Weapons VOL.1/Prefabs/M2_50cal.prefab using Guid(3077a2b322d12b94c975bb1c7b2993fb) Importer(815301076,1909f56bfc062723c751e8b465ee728b)  -> (artifact id: 'ef2d74309b261459da851d03d717bd14') in 0.010754 seconds 
  Import took 0.014268 seconds .

========================================================================
Received Import Request.
  Time since last request: 0.000168 seconds.
  path: Assets/External Polys/External/Low Poly Weapons VOL.1/Prefabs/TAN_LR_Scope_01.prefab
  artifactKey: Guid(49535f27af2648646a94c1f9918737d6) Importer(815301076,1909f56bfc062723c751e8b465ee728b)
Start importing Assets/External Polys/External/Low Poly Weapons VOL.1/Prefabs/TAN_LR_Scope_01.prefab using Guid(49535f27af2648646a94c1f9918737d6) Importer(815301076,1909f56bfc062723c751e8b465ee728b)  -> (artifact id: 'e0a5fb87fcd495989f1726298181c3e7') in 0.013874 seconds 
  Import took 0.017354 seconds .

========================================================================
Received Import Request.
  Time since last request: 0.000162 seconds.
  path: Assets/External Polys/External/Low Poly Weapons VOL.1/Prefabs/SR_Scope_00.prefab
  artifactKey: Guid(cb825447b7c1ef442a049949c3f95ba7) Importer(815301076,1909f56bfc062723c751e8b465ee728b)
Start importing Assets/External Polys/External/Low Poly Weapons VOL.1/Prefabs/SR_Scope_00.prefab using Guid(cb825447b7c1ef442a049949c3f95ba7) Importer(815301076,1909f56bfc062723c751e8b465ee728b)  -> (artifact id: 'dff73baadc17fdd615c5ecaf6b60b0b2') in 0.008055 seconds 
  Import took 0.011273 seconds .

========================================================================
Received Import Request.
  Time since last request: 0.000164 seconds.
  path: Assets/External Polys/External/Low Poly Weapons VOL.1/Prefabs/Smoke.prefab
  artifactKey: Guid(8b4cba336c093ff41ae9321f9f8433d6) Importer(815301076,1909f56bfc062723c751e8b465ee728b)
Start importing Assets/External Polys/External/Low Poly Weapons VOL.1/Prefabs/Smoke.prefab using Guid(8b4cba336c093ff41ae9321f9f8433d6) Importer(815301076,1909f56bfc062723c751e8b465ee728b)  -> (artifact id: '63a0322f99d37ccb8f8317bc1ecde2e0') in 0.013606 seconds 
  Import took 0.017485 seconds .

========================================================================
Received Import Request.
  Time since last request: 0.000174 seconds.
  path: Assets/External Polys/External/Low Poly Weapons VOL.1/Prefabs/Flash.prefab
  artifactKey: Guid(c0f110e4459b675489b7db1e686d5bc3) Importer(815301076,1909f56bfc062723c751e8b465ee728b)
Start importing Assets/External Polys/External/Low Poly Weapons VOL.1/Prefabs/Flash.prefab using Guid(c0f110e4459b675489b7db1e686d5bc3) Importer(815301076,1909f56bfc062723c751e8b465ee728b)  -> (artifact id: 'da78cf9e60390c897df074a502939d56') in 0.010669 seconds 
  Import took 0.014191 seconds .

========================================================================
Received Import Request.
  Time since last request: 0.000180 seconds.
  path: Assets/External Polys/External/Low Poly Weapons VOL.1/Prefabs/M107.prefab
  artifactKey: Guid(7359baf27e84aa44cafac3788c8be0f1) Importer(815301076,1909f56bfc062723c751e8b465ee728b)
Start importing Assets/External Polys/External/Low Poly Weapons VOL.1/Prefabs/M107.prefab using Guid(7359baf27e84aa44cafac3788c8be0f1) Importer(815301076,1909f56bfc062723c751e8b465ee728b)  -> (artifact id: 'b31a7ec73186ca48f0604d0626945e51') in 0.011369 seconds 
  Import took 0.015217 seconds .

========================================================================
Received Import Request.
  Time since last request: 0.000158 seconds.
  path: Assets/External Polys/External/Low Poly Weapons VOL.1/Prefabs/RGD-5.prefab
  artifactKey: Guid(5a2bf64643e1fb0439ea39c0fc9b00ff) Importer(815301076,1909f56bfc062723c751e8b465ee728b)
Start importing Assets/External Polys/External/Low Poly Weapons VOL.1/Prefabs/RGD-5.prefab using Guid(5a2bf64643e1fb0439ea39c0fc9b00ff) Importer(815301076,1909f56bfc062723c751e8b465ee728b)  -> (artifact id: '35d5b1ece9f8b443788ef0235158c170') in 0.010926 seconds 
  Import took 0.014151 seconds .

========================================================================
Received Import Request.
  Time since last request: 0.000165 seconds.
  path: Assets/External Polys/External/Low Poly Weapons VOL.1/Prefabs/Bennelli_M4.prefab
  artifactKey: Guid(8b0b86b42def11849a8eba21f4a6a684) Importer(815301076,1909f56bfc062723c751e8b465ee728b)
Start importing Assets/External Polys/External/Low Poly Weapons VOL.1/Prefabs/Bennelli_M4.prefab using Guid(8b0b86b42def11849a8eba21f4a6a684) Importer(815301076,1909f56bfc062723c751e8b465ee728b)  -> (artifact id: '7ab73395b7f50656be6964dfd9b55cd8') in 0.008028 seconds 
  Import took 0.011210 seconds .

========================================================================
Received Import Request.
  Time since last request: 0.000155 seconds.
  path: Assets/External Polys/External/Low Poly Weapons VOL.1/Prefabs/M1911.prefab
  artifactKey: Guid(6f1a7354265853f44b0ed5e2e43676ad) Importer(815301076,1909f56bfc062723c751e8b465ee728b)
Start importing Assets/External Polys/External/Low Poly Weapons VOL.1/Prefabs/M1911.prefab using Guid(6f1a7354265853f44b0ed5e2e43676ad) Importer(815301076,1909f56bfc062723c751e8b465ee728b)  -> (artifact id: '8af07b82913df2e2c13f4924fe75e9c3') in 0.008422 seconds 
  Import took 0.011751 seconds .

========================================================================
Received Import Request.
  Time since last request: 0.000165 seconds.
  path: Assets/External Polys/External/Low Poly Weapons VOL.1/Prefabs/M4_8.prefab
  artifactKey: Guid(689946d975a0e55449b1e7ae41933e73) Importer(815301076,1909f56bfc062723c751e8b465ee728b)
Start importing Assets/External Polys/External/Low Poly Weapons VOL.1/Prefabs/M4_8.prefab using Guid(689946d975a0e55449b1e7ae41933e73) Importer(815301076,1909f56bfc062723c751e8b465ee728b)  -> (artifact id: 'cf0150265efa01a2f439db7dda9df1d8') in 0.008706 seconds 
  Import took 0.012258 seconds .

========================================================================
Received Import Request.
  Time since last request: 0.000177 seconds.
  path: Assets/External Polys/External/Low Poly Weapons VOL.1/Prefabs/M249.prefab
  artifactKey: Guid(432643b6e5110004083fdff3e33e490b) Importer(815301076,1909f56bfc062723c751e8b465ee728b)
Start importing Assets/External Polys/External/Low Poly Weapons VOL.1/Prefabs/M249.prefab using Guid(432643b6e5110004083fdff3e33e490b) Importer(815301076,1909f56bfc062723c751e8b465ee728b)  -> (artifact id: 'c9782b3c9e7a09539edef97251a10e1e') in 0.011632 seconds 
  Import took 0.015464 seconds .

========================================================================
Received Import Request.
  Time since last request: 0.000189 seconds.
  path: Assets/External Polys/External/Low Poly Weapons VOL.1/Prefabs/RPG7.prefab
  artifactKey: Guid(02baef62b1bfedf40bb369fb7542b9e7) Importer(815301076,1909f56bfc062723c751e8b465ee728b)
Start importing Assets/External Polys/External/Low Poly Weapons VOL.1/Prefabs/RPG7.prefab using Guid(02baef62b1bfedf40bb369fb7542b9e7) Importer(815301076,1909f56bfc062723c751e8b465ee728b)  -> (artifact id: 'e289bcba50b2cdb85c8444318dfad1dd') in 0.010362 seconds 
  Import took 0.014156 seconds .

========================================================================
Received Import Request.
  Time since last request: 0.000152 seconds.
  path: Assets/External Polys/External/Low Poly Weapons VOL.1/Prefabs/ELCAN.prefab
  artifactKey: Guid(75aeffeed5a736f46afbef3a42e93fab) Importer(815301076,1909f56bfc062723c751e8b465ee728b)
Start importing Assets/External Polys/External/Low Poly Weapons VOL.1/Prefabs/ELCAN.prefab using Guid(75aeffeed5a736f46afbef3a42e93fab) Importer(815301076,1909f56bfc062723c751e8b465ee728b)  -> (artifact id: '64ceb7045d97ea948aca0b8c43c7d873') in 0.008010 seconds 
  Import took 0.011549 seconds .

========================================================================
Received Import Request.
  Time since last request: 4.162293 seconds.
  path: Assets/External Polys/External/Low Poly Weapons VOL.1
  artifactKey: Guid(c782de999733ce5438f1b75abb81b0c8) Importer(815301076,1909f56bfc062723c751e8b465ee728b)
Start importing Assets/External Polys/External/Low Poly Weapons VOL.1 using Guid(c782de999733ce5438f1b75abb81b0c8) Importer(815301076,1909f56bfc062723c751e8b465ee728b)  -> (artifact id: '5b6a6386772e30fdfc09b6cf8f8c6c66') in 0.002060 seconds 
  Import took 0.005781 seconds .

========================================================================
Received Import Request.
  Time since last request: 51.117707 seconds.
  path: Assets/External Polys/External/Low Poly Weapons VOL.1
  artifactKey: Guid(2187d8d660a1b6c4e93f38597a8ade67) Importer(815301076,1909f56bfc062723c751e8b465ee728b)
Start importing Assets/External Polys/External/Low Poly Weapons VOL.1 using Guid(2187d8d660a1b6c4e93f38597a8ade67) Importer(815301076,1909f56bfc062723c751e8b465ee728b)  -> (artifact id: '7f0be58fd2387aca8a232c098fcf7a51') in 0.001960 seconds 
  Import took 0.005415 seconds .

========================================================================
Received Import Request.
  Time since last request: 45.983897 seconds.
  path: Assets/External Polys/External/Low Poly Weapons VOL.1/Sample_SceneSettings.lighting
  artifactKey: Guid(852c208ceec00b849aed039a6e44c3e7) Importer(815301076,1909f56bfc062723c751e8b465ee728b)
Start importing Assets/External Polys/External/Low Poly Weapons VOL.1/Sample_SceneSettings.lighting using Guid(852c208ceec00b849aed039a6e44c3e7) Importer(815301076,1909f56bfc062723c751e8b465ee728b)  -> (artifact id: '80f162c84860a90310c98703c8be2fff') in 0.006957 seconds 
  Import took 0.010722 seconds .

========================================================================
Received Import Request.
  Time since last request: 0.003860 seconds.
  path: Assets/External Polys/External/Low Poly Weapons VOL.1/Sample_SceneSettings.lighting
  artifactKey: Guid(852c208ceec00b849aed039a6e44c3e7) Importer(815301076,1909f56bfc062723c751e8b465ee728b)
Start importing Assets/External Polys/External/Low Poly Weapons VOL.1/Sample_SceneSettings.lighting using Guid(852c208ceec00b849aed039a6e44c3e7) Importer(815301076,1909f56bfc062723c751e8b465ee728b)  -> (artifact id: '80f162c84860a90310c98703c8be2fff') in 0.002622 seconds 
  Import took 0.006416 seconds .

========================================================================
Received Import Request.
  Time since last request: 2.545336 seconds.
  path: Assets/External Polys/External/Low Poly Weapons VOL.1/Sample_Scene.unity
  artifactKey: Guid(f717f15f191a08741986e6e8efa197ab) Importer(815301076,1909f56bfc062723c751e8b465ee728b)
Start importing Assets/External Polys/External/Low Poly Weapons VOL.1/Sample_Scene.unity using Guid(f717f15f191a08741986e6e8efa197ab) Importer(815301076,1909f56bfc062723c751e8b465ee728b)  -> (artifact id: 'e52ae4d6764da267be6f5aa7646aa18b') in 0.005869 seconds 
  Import took 0.009612 seconds .

========================================================================
Received Prepare
Registering precompiled user dll's ...
Registered in 0.003300 seconds.
Begin MonoManager ReloadAssembly
Native extension for WindowsStandalone target not found
Refreshing native plugins compatible for Editor in 0.56 ms, found 2 plugins.
Preloading 0 native plugins for Editor in 0.00 ms.
Mono: successfully reloaded assembly
- Completed reload, in  0.823 seconds
Domain Reload Profiling:
	ReloadAssembly (823ms)
		BeginReloadAssembly (91ms)
			ExecutionOrderSort (0ms)
			DisableScriptedObjects (5ms)
			BackupInstance (0ms)
			ReleaseScriptingObjects (0ms)
			CreateAndSetChildDomain (30ms)
		EndReloadAssembly (678ms)
			LoadAssemblies (71ms)
			RebuildTransferFunctionScriptingTraits (0ms)
			SetupTypeCache (231ms)
			ReleaseScriptCaches (1ms)
			RebuildScriptCaches (33ms)
			SetupLoadedEditorAssemblies (229ms)
				LogAssemblyErrors (0ms)
				InitializePlatformSupportModulesInManaged (3ms)
				SetLoadedEditorAssemblies (0ms)
				RefreshPlugins (1ms)
				BeforeProcessingInitializeOnLoad (78ms)
				ProcessInitializeOnLoadAttributes (138ms)
				ProcessInitializeOnLoadMethodAttributes (3ms)
				AfterProcessingInitializeOnLoad (6ms)
				EditorAssembliesLoaded (0ms)
			ExecutionOrderSort2 (0ms)
			AwakeInstancesAfterBackupRestoration (12ms)
Platform modules already initialized, skipping
Refreshing native plugins compatible for Editor in 0.52 ms, found 2 plugins.
Preloading 0 native plugins for Editor in 0.00 ms.
Unloading 2596 Unused Serialized files (Serialized files now loaded: 0)
System memory in use before: 134.8 MB.
System memory in use after: 135.1 MB.

Unloading 12 unused Assets to reduce memory usage. Loaded Objects now: 3318.
Total: 2.899100 ms (FindLiveObjects: 0.253300 ms CreateObjectMapping: 0.066000 ms MarkObjects: 2.565600 ms  DeleteObjects: 0.013300 ms)

AssetImportParameters requested are different than current active one (requested -> active):
  custom:framework-win-MediaFoundation: 216162199b28c13a410421893ffa2e32 -> 
  custom:video-decoder-ogg-theora: a1e56fd34408186e4bbccfd4996cb3dc -> 
  custom:container-muxer-webm: aa71ff27fc2769a1b78a27578f13a17b -> 
  custom:container-demuxer-webm: 4f35f7cbe854078d1ac9338744f61a02 -> 
  custom:container-demuxer-ogg: 62fdf1f143b41e24485cea50d1cbac27 -> 
  custom:video-encoder-webm-vp8: eb34c28f22e8b96e1ab97ce403110664 -> 
  custom:video-decoder-webm-vp8: 9c59270c3fd7afecdb556c50c9e8de78 -> 
  custom:audio-decoder-ogg-vorbis: bf7c407c2cedff20999df2af8eb42d56 -> 
  custom:audio-encoder-webm-vorbis: bf7c407c2cedff20999df2af8eb42d56 -> 
========================================================================
Received Import Request.
  Time since last request: 84.264011 seconds.
  path: Assets/Prefabs/Camera Holder.prefab
  artifactKey: Guid(67e5e896eedaf784097d727fee371c5c) Importer(815301076,1909f56bfc062723c751e8b465ee728b)
Start importing Assets/Prefabs/Camera Holder.prefab using Guid(67e5e896eedaf784097d727fee371c5c) Importer(815301076,1909f56bfc062723c751e8b465ee728b)  -> (artifact id: '2a7b8147ec98f1c17089a07bca18b8da') in 0.122705 seconds 
  Import took 0.126591 seconds .

========================================================================
Received Import Request.
  Time since last request: 19.807400 seconds.
  path: Assets/Scenes/Main.unity
  artifactKey: Guid(9fc0d4010bbf28b4594072e72b8655ab) Importer(815301076,1909f56bfc062723c751e8b465ee728b)
Start importing Assets/Scenes/Main.unity using Guid(9fc0d4010bbf28b4594072e72b8655ab) Importer(815301076,1909f56bfc062723c751e8b465ee728b)  -> (artifact id: '7a1b91cb775a5836443fe6b62ab66b7a') in 0.006618 seconds 
  Import took 0.010394 seconds .

========================================================================
Received Import Request.
  Time since last request: 160.829205 seconds.
  path: Assets/Scripts/Movement
  artifactKey: Guid(e7926ecd698654f418eba8f469a02749) Importer(815301076,1909f56bfc062723c751e8b465ee728b)
Start importing Assets/Scripts/Movement using Guid(e7926ecd698654f418eba8f469a02749) Importer(815301076,1909f56bfc062723c751e8b465ee728b)  -> (artifact id: 'b90cfdbd51de412006355dab03af1641') in 0.005619 seconds 
  Import took 0.009431 seconds .

========================================================================
Received Prepare
Registering precompiled user dll's ...
Registered in 0.003076 seconds.
Begin MonoManager ReloadAssembly
Native extension for WindowsStandalone target not found
Refreshing native plugins compatible for Editor in 0.50 ms, found 2 plugins.
Preloading 0 native plugins for Editor in 0.00 ms.
Mono: successfully reloaded assembly
- Completed reload, in  0.840 seconds
Domain Reload Profiling:
	ReloadAssembly (840ms)
		BeginReloadAssembly (96ms)
			ExecutionOrderSort (0ms)
			DisableScriptedObjects (6ms)
			BackupInstance (0ms)
			ReleaseScriptingObjects (0ms)
			CreateAndSetChildDomain (32ms)
		EndReloadAssembly (689ms)
			LoadAssemblies (73ms)
			RebuildTransferFunctionScriptingTraits (0ms)
			SetupTypeCache (238ms)
			ReleaseScriptCaches (1ms)
			RebuildScriptCaches (33ms)
			SetupLoadedEditorAssemblies (231ms)
				LogAssemblyErrors (0ms)
				InitializePlatformSupportModulesInManaged (3ms)
				SetLoadedEditorAssemblies (0ms)
				RefreshPlugins (1ms)
				BeforeProcessingInitializeOnLoad (78ms)
				ProcessInitializeOnLoadAttributes (139ms)
				ProcessInitializeOnLoadMethodAttributes (3ms)
				AfterProcessingInitializeOnLoad (6ms)
				EditorAssembliesLoaded (0ms)
			ExecutionOrderSort2 (0ms)
			AwakeInstancesAfterBackupRestoration (14ms)
Platform modules already initialized, skipping
Refreshing native plugins compatible for Editor in 0.51 ms, found 2 plugins.
Preloading 0 native plugins for Editor in 0.00 ms.
Unloading 2596 Unused Serialized files (Serialized files now loaded: 0)
System memory in use before: 135.0 MB.
System memory in use after: 135.2 MB.

Unloading 12 unused Assets to reduce memory usage. Loaded Objects now: 3356.
Total: 2.940900 ms (FindLiveObjects: 0.271300 ms CreateObjectMapping: 0.065700 ms MarkObjects: 2.590000 ms  DeleteObjects: 0.013000 ms)

AssetImportParameters requested are different than current active one (requested -> active):
  custom:framework-win-MediaFoundation: 216162199b28c13a410421893ffa2e32 -> 
  custom:video-decoder-ogg-theora: a1e56fd34408186e4bbccfd4996cb3dc -> 
  custom:container-muxer-webm: aa71ff27fc2769a1b78a27578f13a17b -> 
  custom:container-demuxer-webm: 4f35f7cbe854078d1ac9338744f61a02 -> 
  custom:container-demuxer-ogg: 62fdf1f143b41e24485cea50d1cbac27 -> 
  custom:video-encoder-webm-vp8: eb34c28f22e8b96e1ab97ce403110664 -> 
  custom:video-decoder-webm-vp8: 9c59270c3fd7afecdb556c50c9e8de78 -> 
  custom:audio-decoder-ogg-vorbis: bf7c407c2cedff20999df2af8eb42d56 -> 
  custom:audio-encoder-webm-vorbis: bf7c407c2cedff20999df2af8eb42d56 -> 
========================================================================
Received Import Request.
  Time since last request: 77.936454 seconds.
  path: Assets/Scripts/Movement/PlayerMovement.cs
  artifactKey: Guid(8d81dd75f241b624da382d50dd0fcf70) Importer(815301076,1909f56bfc062723c751e8b465ee728b)
Start importing Assets/Scripts/Movement/PlayerMovement.cs using Guid(8d81dd75f241b624da382d50dd0fcf70) Importer(815301076,1909f56bfc062723c751e8b465ee728b)  -> (artifact id: '936c9f81621ce46d374e942a866126e2') in 0.010222 seconds 
  Import took 0.013864 seconds .

========================================================================
Received Prepare
Registering precompiled user dll's ...
Registered in 0.003227 seconds.
Begin MonoManager ReloadAssembly
Native extension for WindowsStandalone target not found
Refreshing native plugins compatible for Editor in 0.52 ms, found 2 plugins.
Preloading 0 native plugins for Editor in 0.00 ms.
Mono: successfully reloaded assembly
- Completed reload, in  0.818 seconds
Domain Reload Profiling:
	ReloadAssembly (819ms)
		BeginReloadAssembly (87ms)
			ExecutionOrderSort (0ms)
			DisableScriptedObjects (3ms)
			BackupInstance (0ms)
			ReleaseScriptingObjects (0ms)
			CreateAndSetChildDomain (27ms)
		EndReloadAssembly (678ms)
			LoadAssemblies (68ms)
			RebuildTransferFunctionScriptingTraits (0ms)
			SetupTypeCache (230ms)
			ReleaseScriptCaches (1ms)
			RebuildScriptCaches (32ms)
			SetupLoadedEditorAssemblies (232ms)
				LogAssemblyErrors (0ms)
				InitializePlatformSupportModulesInManaged (3ms)
				SetLoadedEditorAssemblies (0ms)
				RefreshPlugins (1ms)
				BeforeProcessingInitializeOnLoad (77ms)
				ProcessInitializeOnLoadAttributes (141ms)
				ProcessInitializeOnLoadMethodAttributes (3ms)
				AfterProcessingInitializeOnLoad (6ms)
				EditorAssembliesLoaded (0ms)
			ExecutionOrderSort2 (0ms)
			AwakeInstancesAfterBackupRestoration (12ms)
Platform modules already initialized, skipping
Refreshing native plugins compatible for Editor in 0.50 ms, found 2 plugins.
Preloading 0 native plugins for Editor in 0.00 ms.
Unloading 2596 Unused Serialized files (Serialized files now loaded: 0)
System memory in use before: 135.0 MB.
System memory in use after: 135.2 MB.

Unloading 12 unused Assets to reduce memory usage. Loaded Objects now: 3358.
Total: 3.176000 ms (FindLiveObjects: 0.267500 ms CreateObjectMapping: 0.068600 ms MarkObjects: 2.823100 ms  DeleteObjects: 0.015100 ms)

AssetImportParameters requested are different than current active one (requested -> active):
  custom:framework-win-MediaFoundation: 216162199b28c13a410421893ffa2e32 -> 
  custom:video-decoder-ogg-theora: a1e56fd34408186e4bbccfd4996cb3dc -> 
  custom:container-muxer-webm: aa71ff27fc2769a1b78a27578f13a17b -> 
  custom:container-demuxer-webm: 4f35f7cbe854078d1ac9338744f61a02 -> 
  custom:container-demuxer-ogg: 62fdf1f143b41e24485cea50d1cbac27 -> 
  custom:video-encoder-webm-vp8: eb34c28f22e8b96e1ab97ce403110664 -> 
  custom:video-decoder-webm-vp8: 9c59270c3fd7afecdb556c50c9e8de78 -> 
  custom:audio-decoder-ogg-vorbis: bf7c407c2cedff20999df2af8eb42d56 -> 
  custom:audio-encoder-webm-vorbis: bf7c407c2cedff20999df2af8eb42d56 -> 
========================================================================
Received Prepare
Registering precompiled user dll's ...
Registered in 0.003060 seconds.
Begin MonoManager ReloadAssembly
Native extension for WindowsStandalone target not found
Refreshing native plugins compatible for Editor in 0.50 ms, found 2 plugins.
Preloading 0 native plugins for Editor in 0.00 ms.
Mono: successfully reloaded assembly
- Completed reload, in  0.820 seconds
Domain Reload Profiling:
	ReloadAssembly (820ms)
		BeginReloadAssembly (87ms)
			ExecutionOrderSort (0ms)
			DisableScriptedObjects (4ms)
			BackupInstance (0ms)
			ReleaseScriptingObjects (0ms)
			CreateAndSetChildDomain (27ms)
		EndReloadAssembly (680ms)
			LoadAssemblies (68ms)
			RebuildTransferFunctionScriptingTraits (0ms)
			SetupTypeCache (236ms)
			ReleaseScriptCaches (1ms)
			RebuildScriptCaches (32ms)
			SetupLoadedEditorAssemblies (226ms)
				LogAssemblyErrors (0ms)
				InitializePlatformSupportModulesInManaged (3ms)
				SetLoadedEditorAssemblies (0ms)
				RefreshPlugins (1ms)
				BeforeProcessingInitializeOnLoad (77ms)
				ProcessInitializeOnLoadAttributes (136ms)
				ProcessInitializeOnLoadMethodAttributes (3ms)
				AfterProcessingInitializeOnLoad (6ms)
				EditorAssembliesLoaded (0ms)
			ExecutionOrderSort2 (0ms)
			AwakeInstancesAfterBackupRestoration (13ms)
Platform modules already initialized, skipping
Refreshing native plugins compatible for Editor in 0.57 ms, found 2 plugins.
Preloading 0 native plugins for Editor in 0.00 ms.
Unloading 2596 Unused Serialized files (Serialized files now loaded: 0)
System memory in use before: 135.0 MB.
System memory in use after: 135.2 MB.

Unloading 12 unused Assets to reduce memory usage. Loaded Objects now: 3360.
Total: 3.272200 ms (FindLiveObjects: 0.299800 ms CreateObjectMapping: 0.066200 ms MarkObjects: 2.889300 ms  DeleteObjects: 0.015500 ms)

AssetImportParameters requested are different than current active one (requested -> active):
  custom:framework-win-MediaFoundation: 216162199b28c13a410421893ffa2e32 -> 
  custom:video-decoder-ogg-theora: a1e56fd34408186e4bbccfd4996cb3dc -> 
  custom:container-muxer-webm: aa71ff27fc2769a1b78a27578f13a17b -> 
  custom:container-demuxer-webm: 4f35f7cbe854078d1ac9338744f61a02 -> 
  custom:container-demuxer-ogg: 62fdf1f143b41e24485cea50d1cbac27 -> 
  custom:video-encoder-webm-vp8: eb34c28f22e8b96e1ab97ce403110664 -> 
  custom:video-decoder-webm-vp8: 9c59270c3fd7afecdb556c50c9e8de78 -> 
  custom:audio-decoder-ogg-vorbis: bf7c407c2cedff20999df2af8eb42d56 -> 
  custom:audio-encoder-webm-vorbis: bf7c407c2cedff20999df2af8eb42d56 -> 
========================================================================
Received Import Request.
  Time since last request: 142.750401 seconds.
  path: Assets/External Stuff
  artifactKey: Guid(8e04e52745f60b243af635be6e10a371) Importer(815301076,1909f56bfc062723c751e8b465ee728b)
Start importing Assets/External Stuff using Guid(8e04e52745f60b243af635be6e10a371) Importer(815301076,1909f56bfc062723c751e8b465ee728b)  -> (artifact id: 'd4736adebc1665a817f638254e787053') in 0.008915 seconds 
  Import took 0.012698 seconds .

========================================================================
Received Import Request.
  Time since last request: 6.507469 seconds.
  path: Assets/Prefabs/Player.prefab
  artifactKey: Guid(9c732735f325a37408fee6eecaccd817) Importer(815301076,1909f56bfc062723c751e8b465ee728b)
Start importing Assets/Prefabs/Player.prefab using Guid(9c732735f325a37408fee6eecaccd817) Importer(815301076,1909f56bfc062723c751e8b465ee728b)  -> (artifact id: 'bed178897c1e830aff562fd17f63cda0') in 0.123041 seconds 
  Import took 0.127038 seconds .

========================================================================
Received Import Request.
  Time since last request: 73.580259 seconds.
  path: Assets/Scenes/Main/Materials/ReflectionProbe-0.mat
  artifactKey: Guid(0a910b76c7121014c8b10b9df098e4f0) Importer(815301076,1909f56bfc062723c751e8b465ee728b)
Start importing Assets/Scenes/Main/Materials/ReflectionProbe-0.mat using Guid(0a910b76c7121014c8b10b9df098e4f0) Importer(815301076,1909f56bfc062723c751e8b465ee728b)  -> (artifact id: '6627c434be7759bc97e1228def2bd11e') in 0.022720 seconds 
  Import took 0.026572 seconds .

========================================================================
Received Prepare
Registering precompiled user dll's ...
Registered in 0.003147 seconds.
Begin MonoManager ReloadAssembly
Native extension for WindowsStandalone target not found
Refreshing native plugins compatible for Editor in 0.59 ms, found 2 plugins.
Preloading 0 native plugins for Editor in 0.00 ms.
Mono: successfully reloaded assembly
- Completed reload, in  0.822 seconds
Domain Reload Profiling:
	ReloadAssembly (823ms)
		BeginReloadAssembly (89ms)
			ExecutionOrderSort (0ms)
			DisableScriptedObjects (5ms)
			BackupInstance (0ms)
			ReleaseScriptingObjects (0ms)
			CreateAndSetChildDomain (29ms)
		EndReloadAssembly (678ms)
			LoadAssemblies (69ms)
			RebuildTransferFunctionScriptingTraits (0ms)
			SetupTypeCache (230ms)
			ReleaseScriptCaches (1ms)
			RebuildScriptCaches (34ms)
			SetupLoadedEditorAssemblies (228ms)
				LogAssemblyErrors (0ms)
				InitializePlatformSupportModulesInManaged (3ms)
				SetLoadedEditorAssemblies (0ms)
				RefreshPlugins (1ms)
				BeforeProcessingInitializeOnLoad (81ms)
				ProcessInitializeOnLoadAttributes (134ms)
				ProcessInitializeOnLoadMethodAttributes (3ms)
				AfterProcessingInitializeOnLoad (6ms)
				EditorAssembliesLoaded (0ms)
			ExecutionOrderSort2 (0ms)
			AwakeInstancesAfterBackupRestoration (13ms)
Platform modules already initialized, skipping
Refreshing native plugins compatible for Editor in 0.51 ms, found 2 plugins.
Preloading 0 native plugins for Editor in 0.00 ms.
Unloading 2596 Unused Serialized files (Serialized files now loaded: 0)
System memory in use before: 135.3 MB.
System memory in use after: 135.5 MB.

Unloading 12 unused Assets to reduce memory usage. Loaded Objects now: 3399.
Total: 3.064600 ms (FindLiveObjects: 0.268200 ms CreateObjectMapping: 0.067300 ms MarkObjects: 2.714100 ms  DeleteObjects: 0.013900 ms)

AssetImportParameters requested are different than current active one (requested -> active):
  custom:framework-win-MediaFoundation: 216162199b28c13a410421893ffa2e32 -> 
  custom:video-decoder-ogg-theora: a1e56fd34408186e4bbccfd4996cb3dc -> 
  custom:container-muxer-webm: aa71ff27fc2769a1b78a27578f13a17b -> 
  custom:container-demuxer-webm: 4f35f7cbe854078d1ac9338744f61a02 -> 
  custom:container-demuxer-ogg: 62fdf1f143b41e24485cea50d1cbac27 -> 
  custom:video-encoder-webm-vp8: eb34c28f22e8b96e1ab97ce403110664 -> 
  custom:video-decoder-webm-vp8: 9c59270c3fd7afecdb556c50c9e8de78 -> 
  custom:audio-decoder-ogg-vorbis: bf7c407c2cedff20999df2af8eb42d56 -> 
  custom:audio-encoder-webm-vorbis: bf7c407c2cedff20999df2af8eb42d56 -> 
========================================================================
Received Import Request.
  Time since last request: 18.027449 seconds.
  path: Assets/Scenes/RunSample
  artifactKey: Guid(6a94d5700b580e043bf2894076587492) Importer(815301076,1909f56bfc062723c751e8b465ee728b)
Start importing Assets/Scenes/RunSample using Guid(6a94d5700b580e043bf2894076587492) Importer(815301076,1909f56bfc062723c751e8b465ee728b)  -> (artifact id: '3e2cb5d18a59917be0d68890c96ed567') in 0.008592 seconds 
  Import took 0.012229 seconds .

========================================================================
Received Import Request.
  Time since last request: 10.191085 seconds.
  path: Assets/Scenes/Main.unity
  artifactKey: Guid(9fc0d4010bbf28b4594072e72b8655ab) Importer(815301076,1909f56bfc062723c751e8b465ee728b)
Start importing Assets/Scenes/Main.unity using Guid(9fc0d4010bbf28b4594072e72b8655ab) Importer(815301076,1909f56bfc062723c751e8b465ee728b)  -> (artifact id: '5651d04bb3c0af359ddeb4ec5e449a6b') in 0.008244 seconds 
  Import took 0.012012 seconds .

========================================================================
Received Import Request.
  Time since last request: 12.211148 seconds.
  path: Assets/Scenes/RunSample/Run.unity
  artifactKey: Guid(53b62082d8aa6cf49956921c6f3ac8cb) Importer(815301076,1909f56bfc062723c751e8b465ee728b)
Start importing Assets/Scenes/RunSample/Run.unity using Guid(53b62082d8aa6cf49956921c6f3ac8cb) Importer(815301076,1909f56bfc062723c751e8b465ee728b)  -> (artifact id: 'ce35d4fd72e2fc63d625469e9c588dab') in 0.006367 seconds 
  Import took 0.010085 seconds .

========================================================================
Received Import Request.
  Time since last request: 14.007590 seconds.
  path: Assets/External Stuff/External Polys/External/SkySerie Freebie/FreebieHdri
  artifactKey: Guid(d78fe5a22bec38d43bbe7e846ac3925a) Importer(815301076,1909f56bfc062723c751e8b465ee728b)
Start importing Assets/External Stuff/External Polys/External/SkySerie Freebie/FreebieHdri using Guid(d78fe5a22bec38d43bbe7e846ac3925a) Importer(815301076,1909f56bfc062723c751e8b465ee728b)  -> (artifact id: '147fe7560c84c2b5ee4bc990834f537c') in 0.006065 seconds 
  Import took 0.009723 seconds .

========================================================================
Received Import Request.
  Time since last request: 0.065329 seconds.
  path: Assets/External Stuff/External Polys/External/SkySerie Freebie/FreebieHdri/CasualDay4K.hdr
  artifactKey: Guid(1153dc89e66880c4eb7adc16ba588855) Importer(815301076,1909f56bfc062723c751e8b465ee728b)
Start importing Assets/External Stuff/External Polys/External/SkySerie Freebie/FreebieHdri/CasualDay4K.hdr using Guid(1153dc89e66880c4eb7adc16ba588855) Importer(815301076,1909f56bfc062723c751e8b465ee728b)  -> (artifact id: '932ff8b11a23bc0d7aaf94851bbeb896') in 0.071971 seconds 
  Import took 0.077468 seconds .

========================================================================
Received Import Request.
  Time since last request: 36.338055 seconds.
  path: Assets/Scenes/RunSample/Materials
  artifactKey: Guid(a7661b48ba1940b4cb51a23c7f8000ae) Importer(815301076,1909f56bfc062723c751e8b465ee728b)
Start importing Assets/Scenes/RunSample/Materials using Guid(a7661b48ba1940b4cb51a23c7f8000ae) Importer(815301076,1909f56bfc062723c751e8b465ee728b)  -> (artifact id: '97e31be5ac5eb3965058e76a1218298e') in 0.012665 seconds 
  Import took 0.016599 seconds .

========================================================================
Received Import Request.
  Time since last request: 78.771299 seconds.
  path: Assets/Scenes/RunSample/Run.unity
  artifactKey: Guid(53b62082d8aa6cf49956921c6f3ac8cb) Importer(815301076,1909f56bfc062723c751e8b465ee728b)
Start importing Assets/Scenes/RunSample/Run.unity using Guid(53b62082d8aa6cf49956921c6f3ac8cb) Importer(815301076,1909f56bfc062723c751e8b465ee728b)  -> (artifact id: '60c3f98fa32d0e3eab4339259f749da1') in 0.002576 seconds 
  Import took 0.006523 seconds .

========================================================================
Received Prepare
Registering precompiled user dll's ...
Registered in 0.003064 seconds.
Begin MonoManager ReloadAssembly
Native extension for WindowsStandalone target not found
Refreshing native plugins compatible for Editor in 0.52 ms, found 2 plugins.
Preloading 0 native plugins for Editor in 0.00 ms.
Mono: successfully reloaded assembly
- Completed reload, in  0.830 seconds
Domain Reload Profiling:
	ReloadAssembly (830ms)
		BeginReloadAssembly (86ms)
			ExecutionOrderSort (0ms)
			DisableScriptedObjects (3ms)
			BackupInstance (0ms)
			ReleaseScriptingObjects (0ms)
			CreateAndSetChildDomain (27ms)
		EndReloadAssembly (690ms)
			LoadAssemblies (73ms)
			RebuildTransferFunctionScriptingTraits (0ms)
			SetupTypeCache (231ms)
			ReleaseScriptCaches (1ms)
			RebuildScriptCaches (33ms)
			SetupLoadedEditorAssemblies (233ms)
				LogAssemblyErrors (0ms)
				InitializePlatformSupportModulesInManaged (3ms)
				SetLoadedEditorAssemblies (0ms)
				RefreshPlugins (1ms)
				BeforeProcessingInitializeOnLoad (79ms)
				ProcessInitializeOnLoadAttributes (141ms)
				ProcessInitializeOnLoadMethodAttributes (3ms)
				AfterProcessingInitializeOnLoad (6ms)
				EditorAssembliesLoaded (0ms)
			ExecutionOrderSort2 (0ms)
			AwakeInstancesAfterBackupRestoration (13ms)
Platform modules already initialized, skipping
Refreshing native plugins compatible for Editor in 0.52 ms, found 2 plugins.
Preloading 0 native plugins for Editor in 0.00 ms.
Unloading 2596 Unused Serialized files (Serialized files now loaded: 0)
System memory in use before: 135.4 MB.
System memory in use after: 135.6 MB.

Unloading 12 unused Assets to reduce memory usage. Loaded Objects now: 3404.
Total: 2.947100 ms (FindLiveObjects: 0.278600 ms CreateObjectMapping: 0.066900 ms MarkObjects: 2.586300 ms  DeleteObjects: 0.014400 ms)

AssetImportParameters requested are different than current active one (requested -> active):
  custom:framework-win-MediaFoundation: 216162199b28c13a410421893ffa2e32 -> 
  custom:video-decoder-ogg-theora: a1e56fd34408186e4bbccfd4996cb3dc -> 
  custom:container-muxer-webm: aa71ff27fc2769a1b78a27578f13a17b -> 
  custom:container-demuxer-webm: 4f35f7cbe854078d1ac9338744f61a02 -> 
  custom:container-demuxer-ogg: 62fdf1f143b41e24485cea50d1cbac27 -> 
  custom:video-encoder-webm-vp8: eb34c28f22e8b96e1ab97ce403110664 -> 
  custom:video-decoder-webm-vp8: 9c59270c3fd7afecdb556c50c9e8de78 -> 
  custom:audio-decoder-ogg-vorbis: bf7c407c2cedff20999df2af8eb42d56 -> 
  custom:audio-encoder-webm-vorbis: bf7c407c2cedff20999df2af8eb42d56 -> 
========================================================================
Received Import Request.
  Time since last request: 121.596925 seconds.
  path: Assets/Scenes/RunSample/Run.unity
  artifactKey: Guid(53b62082d8aa6cf49956921c6f3ac8cb) Importer(815301076,1909f56bfc062723c751e8b465ee728b)
Start importing Assets/Scenes/RunSample/Run.unity using Guid(53b62082d8aa6cf49956921c6f3ac8cb) Importer(815301076,1909f56bfc062723c751e8b465ee728b)  -> (artifact id: '6fc5ab147211e4f574c6a4f22f6882a1') in 0.011350 seconds 
  Import took 0.015120 seconds .

========================================================================
Received Prepare
Registering precompiled user dll's ...
Registered in 0.003191 seconds.
Begin MonoManager ReloadAssembly
Native extension for WindowsStandalone target not found
Refreshing native plugins compatible for Editor in 0.50 ms, found 2 plugins.
Preloading 0 native plugins for Editor in 0.00 ms.
Mono: successfully reloaded assembly
- Completed reload, in  0.830 seconds
Domain Reload Profiling:
	ReloadAssembly (830ms)
		BeginReloadAssembly (96ms)
			ExecutionOrderSort (0ms)
			DisableScriptedObjects (4ms)
			BackupInstance (0ms)
			ReleaseScriptingObjects (0ms)
			CreateAndSetChildDomain (29ms)
		EndReloadAssembly (676ms)
			LoadAssemblies (69ms)
			RebuildTransferFunctionScriptingTraits (0ms)
			SetupTypeCache (233ms)
			ReleaseScriptCaches (1ms)
			RebuildScriptCaches (33ms)
			SetupLoadedEditorAssemblies (223ms)
				LogAssemblyErrors (0ms)
				InitializePlatformSupportModulesInManaged (3ms)
				SetLoadedEditorAssemblies (0ms)
				RefreshPlugins (1ms)
				BeforeProcessingInitializeOnLoad (75ms)
				ProcessInitializeOnLoadAttributes (134ms)
				ProcessInitializeOnLoadMethodAttributes (3ms)
				AfterProcessingInitializeOnLoad (6ms)
				EditorAssembliesLoaded (0ms)
			ExecutionOrderSort2 (0ms)
			AwakeInstancesAfterBackupRestoration (15ms)
Platform modules already initialized, skipping
Refreshing native plugins compatible for Editor in 0.54 ms, found 2 plugins.
Preloading 0 native plugins for Editor in 0.00 ms.
Unloading 2596 Unused Serialized files (Serialized files now loaded: 0)
System memory in use before: 135.4 MB.
System memory in use after: 135.6 MB.

Unloading 12 unused Assets to reduce memory usage. Loaded Objects now: 3406.
Total: 3.064900 ms (FindLiveObjects: 0.261200 ms CreateObjectMapping: 0.064700 ms MarkObjects: 2.724200 ms  DeleteObjects: 0.013400 ms)

AssetImportParameters requested are different than current active one (requested -> active):
  custom:framework-win-MediaFoundation: 216162199b28c13a410421893ffa2e32 -> 
  custom:video-decoder-ogg-theora: a1e56fd34408186e4bbccfd4996cb3dc -> 
  custom:container-muxer-webm: aa71ff27fc2769a1b78a27578f13a17b -> 
  custom:container-demuxer-webm: 4f35f7cbe854078d1ac9338744f61a02 -> 
  custom:container-demuxer-ogg: 62fdf1f143b41e24485cea50d1cbac27 -> 
  custom:video-encoder-webm-vp8: eb34c28f22e8b96e1ab97ce403110664 -> 
  custom:video-decoder-webm-vp8: 9c59270c3fd7afecdb556c50c9e8de78 -> 
  custom:audio-decoder-ogg-vorbis: bf7c407c2cedff20999df2af8eb42d56 -> 
  custom:audio-encoder-webm-vorbis: bf7c407c2cedff20999df2af8eb42d56 -> 
========================================================================
Received Prepare
Registering precompiled user dll's ...
Registered in 0.002954 seconds.
Begin MonoManager ReloadAssembly
Native extension for WindowsStandalone target not found
Refreshing native plugins compatible for Editor in 0.51 ms, found 2 plugins.
Preloading 0 native plugins for Editor in 0.00 ms.
Mono: successfully reloaded assembly
- Completed reload, in  0.822 seconds
Domain Reload Profiling:
	ReloadAssembly (822ms)
		BeginReloadAssembly (95ms)
			ExecutionOrderSort (0ms)
			DisableScriptedObjects (4ms)
			BackupInstance (0ms)
			ReleaseScriptingObjects (0ms)
			CreateAndSetChildDomain (26ms)
		EndReloadAssembly (673ms)
			LoadAssemblies (68ms)
			RebuildTransferFunctionScriptingTraits (0ms)
			SetupTypeCache (230ms)
			ReleaseScriptCaches (1ms)
			RebuildScriptCaches (32ms)
			SetupLoadedEditorAssemblies (225ms)
				LogAssemblyErrors (0ms)
				InitializePlatformSupportModulesInManaged (3ms)
				SetLoadedEditorAssemblies (0ms)
				RefreshPlugins (1ms)
				BeforeProcessingInitializeOnLoad (77ms)
				ProcessInitializeOnLoadAttributes (135ms)
				ProcessInitializeOnLoadMethodAttributes (3ms)
				AfterProcessingInitializeOnLoad (6ms)
				EditorAssembliesLoaded (0ms)
			ExecutionOrderSort2 (0ms)
			AwakeInstancesAfterBackupRestoration (14ms)
Platform modules already initialized, skipping
Refreshing native plugins compatible for Editor in 0.50 ms, found 2 plugins.
Preloading 0 native plugins for Editor in 0.00 ms.
Unloading 2596 Unused Serialized files (Serialized files now loaded: 0)
System memory in use before: 135.4 MB.
System memory in use after: 135.6 MB.

Unloading 12 unused Assets to reduce memory usage. Loaded Objects now: 3408.
Total: 2.909700 ms (FindLiveObjects: 0.250600 ms CreateObjectMapping: 0.065200 ms MarkObjects: 2.580600 ms  DeleteObjects: 0.012600 ms)

AssetImportParameters requested are different than current active one (requested -> active):
  custom:framework-win-MediaFoundation: 216162199b28c13a410421893ffa2e32 -> 
  custom:video-decoder-ogg-theora: a1e56fd34408186e4bbccfd4996cb3dc -> 
  custom:container-muxer-webm: aa71ff27fc2769a1b78a27578f13a17b -> 
  custom:container-demuxer-webm: 4f35f7cbe854078d1ac9338744f61a02 -> 
  custom:container-demuxer-ogg: 62fdf1f143b41e24485cea50d1cbac27 -> 
  custom:video-encoder-webm-vp8: eb34c28f22e8b96e1ab97ce403110664 -> 
  custom:video-decoder-webm-vp8: 9c59270c3fd7afecdb556c50c9e8de78 -> 
  custom:audio-decoder-ogg-vorbis: bf7c407c2cedff20999df2af8eb42d56 -> 
  custom:audio-encoder-webm-vorbis: bf7c407c2cedff20999df2af8eb42d56 -> 
========================================================================
Received Import Request.
  Time since last request: 670.478019 seconds.
  path: Assets/Materials/Ground.mat
  artifactKey: Guid(1c2d49cd7ef5a3d46b7b12d9cea1f39d) Importer(815301076,1909f56bfc062723c751e8b465ee728b)
Start importing Assets/Materials/Ground.mat using Guid(1c2d49cd7ef5a3d46b7b12d9cea1f39d) Importer(815301076,1909f56bfc062723c751e8b465ee728b)  -> (artifact id: '670f6d085492f1c66dc293b144d9bd5c') in 0.123526 seconds 
  Import took 0.127524 seconds .

========================================================================
Received Import Request.
  Time since last request: 0.000196 seconds.
  path: Assets/Materials/Wall.mat
  artifactKey: Guid(528d9278e1ea6a24ab14c4f0f5595b39) Importer(815301076,1909f56bfc062723c751e8b465ee728b)
Start importing Assets/Materials/Wall.mat using Guid(528d9278e1ea6a24ab14c4f0f5595b39) Importer(815301076,1909f56bfc062723c751e8b465ee728b)  -> (artifact id: 'bb248ffc0079af15696d63682f68b99b') in 0.013792 seconds 
  Import took 0.017989 seconds .

========================================================================
Received Prepare
Registering precompiled user dll's ...
Registered in 0.003181 seconds.
Begin MonoManager ReloadAssembly
Native extension for WindowsStandalone target not found
Refreshing native plugins compatible for Editor in 0.54 ms, found 2 plugins.
Preloading 0 native plugins for Editor in 0.00 ms.
Mono: successfully reloaded assembly
- Completed reload, in  0.838 seconds
Domain Reload Profiling:
	ReloadAssembly (838ms)
		BeginReloadAssembly (98ms)
			ExecutionOrderSort (0ms)
			DisableScriptedObjects (5ms)
			BackupInstance (0ms)
			ReleaseScriptingObjects (0ms)
			CreateAndSetChildDomain (30ms)
		EndReloadAssembly (687ms)
			LoadAssemblies (68ms)
			RebuildTransferFunctionScriptingTraits (0ms)
			SetupTypeCache (237ms)
			ReleaseScriptCaches (1ms)
			RebuildScriptCaches (36ms)
			SetupLoadedEditorAssemblies (226ms)
				LogAssemblyErrors (0ms)
				InitializePlatformSupportModulesInManaged (3ms)
				SetLoadedEditorAssemblies (0ms)
				RefreshPlugins (1ms)
				BeforeProcessingInitializeOnLoad (79ms)
				ProcessInitializeOnLoadAttributes (134ms)
				ProcessInitializeOnLoadMethodAttributes (3ms)
				AfterProcessingInitializeOnLoad (6ms)
				EditorAssembliesLoaded (0ms)
			ExecutionOrderSort2 (0ms)
			AwakeInstancesAfterBackupRestoration (14ms)
Platform modules already initialized, skipping
Refreshing native plugins compatible for Editor in 0.51 ms, found 2 plugins.
Preloading 0 native plugins for Editor in 0.00 ms.
Unloading 2596 Unused Serialized files (Serialized files now loaded: 0)
System memory in use before: 135.6 MB.
System memory in use after: 135.9 MB.

Unloading 12 unused Assets to reduce memory usage. Loaded Objects now: 3446.
Total: 3.028300 ms (FindLiveObjects: 0.281300 ms CreateObjectMapping: 0.068000 ms MarkObjects: 2.664000 ms  DeleteObjects: 0.013900 ms)

AssetImportParameters requested are different than current active one (requested -> active):
  custom:framework-win-MediaFoundation: 216162199b28c13a410421893ffa2e32 -> 
  custom:video-decoder-ogg-theora: a1e56fd34408186e4bbccfd4996cb3dc -> 
  custom:container-muxer-webm: aa71ff27fc2769a1b78a27578f13a17b -> 
  custom:container-demuxer-webm: 4f35f7cbe854078d1ac9338744f61a02 -> 
  custom:container-demuxer-ogg: 62fdf1f143b41e24485cea50d1cbac27 -> 
  custom:video-encoder-webm-vp8: eb34c28f22e8b96e1ab97ce403110664 -> 
  custom:video-decoder-webm-vp8: 9c59270c3fd7afecdb556c50c9e8de78 -> 
  custom:audio-decoder-ogg-vorbis: bf7c407c2cedff20999df2af8eb42d56 -> 
  custom:audio-encoder-webm-vorbis: bf7c407c2cedff20999df2af8eb42d56 -> 
========================================================================
Received Prepare
Registering precompiled user dll's ...
Registered in 0.003032 seconds.
Begin MonoManager ReloadAssembly
Native extension for WindowsStandalone target not found
Refreshing native plugins compatible for Editor in 0.52 ms, found 2 plugins.
Preloading 0 native plugins for Editor in 0.00 ms.
Mono: successfully reloaded assembly
- Completed reload, in  0.846 seconds
Domain Reload Profiling:
	ReloadAssembly (846ms)
		BeginReloadAssembly (107ms)
			ExecutionOrderSort (0ms)
			DisableScriptedObjects (5ms)
			BackupInstance (0ms)
			ReleaseScriptingObjects (0ms)
			CreateAndSetChildDomain (28ms)
		EndReloadAssembly (684ms)
			LoadAssemblies (72ms)
			RebuildTransferFunctionScriptingTraits (0ms)
			SetupTypeCache (233ms)
			ReleaseScriptCaches (1ms)
			RebuildScriptCaches (32ms)
			SetupLoadedEditorAssemblies (231ms)
				LogAssemblyErrors (0ms)
				InitializePlatformSupportModulesInManaged (3ms)
				SetLoadedEditorAssemblies (0ms)
				RefreshPlugins (1ms)
				BeforeProcessingInitializeOnLoad (76ms)
				ProcessInitializeOnLoadAttributes (138ms)
				ProcessInitializeOnLoadMethodAttributes (5ms)
				AfterProcessingInitializeOnLoad (9ms)
				EditorAssembliesLoaded (0ms)
			ExecutionOrderSort2 (0ms)
			AwakeInstancesAfterBackupRestoration (15ms)
Platform modules already initialized, skipping
Refreshing native plugins compatible for Editor in 0.52 ms, found 2 plugins.
Preloading 0 native plugins for Editor in 0.00 ms.
Unloading 2596 Unused Serialized files (Serialized files now loaded: 0)
System memory in use before: 135.6 MB.
System memory in use after: 135.9 MB.

Unloading 12 unused Assets to reduce memory usage. Loaded Objects now: 3448.
Total: 3.048100 ms (FindLiveObjects: 0.262500 ms CreateObjectMapping: 0.065700 ms MarkObjects: 2.705900 ms  DeleteObjects: 0.013200 ms)

AssetImportParameters requested are different than current active one (requested -> active):
  custom:framework-win-MediaFoundation: 216162199b28c13a410421893ffa2e32 -> 
  custom:video-decoder-ogg-theora: a1e56fd34408186e4bbccfd4996cb3dc -> 
  custom:container-muxer-webm: aa71ff27fc2769a1b78a27578f13a17b -> 
  custom:container-demuxer-webm: 4f35f7cbe854078d1ac9338744f61a02 -> 
  custom:container-demuxer-ogg: 62fdf1f143b41e24485cea50d1cbac27 -> 
  custom:video-encoder-webm-vp8: eb34c28f22e8b96e1ab97ce403110664 -> 
  custom:video-decoder-webm-vp8: 9c59270c3fd7afecdb556c50c9e8de78 -> 
  custom:audio-decoder-ogg-vorbis: bf7c407c2cedff20999df2af8eb42d56 -> 
  custom:audio-encoder-webm-vorbis: bf7c407c2cedff20999df2af8eb42d56 -> 
========================================================================
Received Prepare
Registering precompiled user dll's ...
Registered in 0.002941 seconds.
Begin MonoManager ReloadAssembly
Native extension for WindowsStandalone target not found
Refreshing native plugins compatible for Editor in 0.66 ms, found 2 plugins.
Preloading 0 native plugins for Editor in 0.00 ms.
Mono: successfully reloaded assembly
- Completed reload, in  0.822 seconds
Domain Reload Profiling:
	ReloadAssembly (823ms)
		BeginReloadAssembly (92ms)
			ExecutionOrderSort (0ms)
			DisableScriptedObjects (4ms)
			BackupInstance (0ms)
			ReleaseScriptingObjects (0ms)
			CreateAndSetChildDomain (27ms)
		EndReloadAssembly (677ms)
			LoadAssemblies (68ms)
			RebuildTransferFunctionScriptingTraits (0ms)
			SetupTypeCache (231ms)
			ReleaseScriptCaches (1ms)
			RebuildScriptCaches (32ms)
			SetupLoadedEditorAssemblies (225ms)
				LogAssemblyErrors (0ms)
				InitializePlatformSupportModulesInManaged (3ms)
				SetLoadedEditorAssemblies (0ms)
				RefreshPlugins (1ms)
				BeforeProcessingInitializeOnLoad (79ms)
				ProcessInitializeOnLoadAttributes (133ms)
				ProcessInitializeOnLoadMethodAttributes (3ms)
				AfterProcessingInitializeOnLoad (6ms)
				EditorAssembliesLoaded (0ms)
			ExecutionOrderSort2 (0ms)
			AwakeInstancesAfterBackupRestoration (15ms)
Platform modules already initialized, skipping
Refreshing native plugins compatible for Editor in 0.52 ms, found 2 plugins.
Preloading 0 native plugins for Editor in 0.00 ms.
Unloading 2596 Unused Serialized files (Serialized files now loaded: 0)
System memory in use before: 135.6 MB.
System memory in use after: 135.9 MB.

Unloading 12 unused Assets to reduce memory usage. Loaded Objects now: 3450.
Total: 3.017900 ms (FindLiveObjects: 0.269100 ms CreateObjectMapping: 0.067500 ms MarkObjects: 2.667700 ms  DeleteObjects: 0.013000 ms)

AssetImportParameters requested are different than current active one (requested -> active):
  custom:framework-win-MediaFoundation: 216162199b28c13a410421893ffa2e32 -> 
  custom:video-decoder-ogg-theora: a1e56fd34408186e4bbccfd4996cb3dc -> 
  custom:container-muxer-webm: aa71ff27fc2769a1b78a27578f13a17b -> 
  custom:container-demuxer-webm: 4f35f7cbe854078d1ac9338744f61a02 -> 
  custom:container-demuxer-ogg: 62fdf1f143b41e24485cea50d1cbac27 -> 
  custom:video-encoder-webm-vp8: eb34c28f22e8b96e1ab97ce403110664 -> 
  custom:video-decoder-webm-vp8: 9c59270c3fd7afecdb556c50c9e8de78 -> 
  custom:audio-decoder-ogg-vorbis: bf7c407c2cedff20999df2af8eb42d56 -> 
  custom:audio-encoder-webm-vorbis: bf7c407c2cedff20999df2af8eb42d56 -> 
========================================================================
Received Import Request.
  Time since last request: 336.162131 seconds.
  path: Assets/Materials/UpperGround.mat
  artifactKey: Guid(74330835a5df1c747bff5a5c0483d8eb) Importer(815301076,1909f56bfc062723c751e8b465ee728b)
Start importing Assets/Materials/UpperGround.mat using Guid(74330835a5df1c747bff5a5c0483d8eb) Importer(815301076,1909f56bfc062723c751e8b465ee728b)  -> (artifact id: '692660acd74d276befba351d2e4979a1') in 0.126689 seconds 
  Import took 0.130763 seconds .

========================================================================
Received Import Request.
  Time since last request: 0.000165 seconds.
  path: Assets/Materials/Wall.mat
  artifactKey: Guid(528d9278e1ea6a24ab14c4f0f5595b39) Importer(815301076,1909f56bfc062723c751e8b465ee728b)
Start importing Assets/Materials/Wall.mat using Guid(528d9278e1ea6a24ab14c4f0f5595b39) Importer(815301076,1909f56bfc062723c751e8b465ee728b)  -> (artifact id: '3a407652a8c302e36bfa996fce916f42') in 0.013361 seconds 
  Import took 0.017122 seconds .

========================================================================
Received Prepare
Registering precompiled user dll's ...
Registered in 0.003116 seconds.
Begin MonoManager ReloadAssembly
Native extension for WindowsStandalone target not found
Refreshing native plugins compatible for Editor in 0.54 ms, found 2 plugins.
Preloading 0 native plugins for Editor in 0.00 ms.
Mono: successfully reloaded assembly
- Completed reload, in  0.834 seconds
Domain Reload Profiling:
	ReloadAssembly (834ms)
		BeginReloadAssembly (103ms)
			ExecutionOrderSort (0ms)
			DisableScriptedObjects (5ms)
			BackupInstance (0ms)
			ReleaseScriptingObjects (0ms)
			CreateAndSetChildDomain (30ms)
		EndReloadAssembly (677ms)
			LoadAssemblies (68ms)
			RebuildTransferFunctionScriptingTraits (0ms)
			SetupTypeCache (233ms)
			ReleaseScriptCaches (1ms)
			RebuildScriptCaches (33ms)
			SetupLoadedEditorAssemblies (225ms)
				LogAssemblyErrors (0ms)
				InitializePlatformSupportModulesInManaged (3ms)
				SetLoadedEditorAssemblies (0ms)
				RefreshPlugins (1ms)
				BeforeProcessingInitializeOnLoad (75ms)
				ProcessInitializeOnLoadAttributes (136ms)
				ProcessInitializeOnLoadMethodAttributes (3ms)
				AfterProcessingInitializeOnLoad (6ms)
				EditorAssembliesLoaded (0ms)
			ExecutionOrderSort2 (0ms)
			AwakeInstancesAfterBackupRestoration (14ms)
Platform modules already initialized, skipping
Refreshing native plugins compatible for Editor in 0.61 ms, found 2 plugins.
Preloading 0 native plugins for Editor in 0.00 ms.
Unloading 2596 Unused Serialized files (Serialized files now loaded: 0)
System memory in use before: 135.8 MB.
System memory in use after: 136.0 MB.

Unloading 12 unused Assets to reduce memory usage. Loaded Objects now: 3488.
Total: 3.122200 ms (FindLiveObjects: 0.291000 ms CreateObjectMapping: 0.066800 ms MarkObjects: 2.750700 ms  DeleteObjects: 0.012700 ms)

AssetImportParameters requested are different than current active one (requested -> active):
  custom:framework-win-MediaFoundation: 216162199b28c13a410421893ffa2e32 -> 
  custom:video-decoder-ogg-theora: a1e56fd34408186e4bbccfd4996cb3dc -> 
  custom:container-muxer-webm: aa71ff27fc2769a1b78a27578f13a17b -> 
  custom:container-demuxer-webm: 4f35f7cbe854078d1ac9338744f61a02 -> 
  custom:container-demuxer-ogg: 62fdf1f143b41e24485cea50d1cbac27 -> 
  custom:video-encoder-webm-vp8: eb34c28f22e8b96e1ab97ce403110664 -> 
  custom:video-decoder-webm-vp8: 9c59270c3fd7afecdb556c50c9e8de78 -> 
  custom:audio-decoder-ogg-vorbis: bf7c407c2cedff20999df2af8eb42d56 -> 
  custom:audio-encoder-webm-vorbis: bf7c407c2cedff20999df2af8eb42d56 -> 
========================================================================
Received Prepare
Registering precompiled user dll's ...
Registered in 0.003064 seconds.
Begin MonoManager ReloadAssembly
Native extension for WindowsStandalone target not found
Refreshing native plugins compatible for Editor in 0.58 ms, found 2 plugins.
Preloading 0 native plugins for Editor in 0.00 ms.
Mono: successfully reloaded assembly
- Completed reload, in  0.851 seconds
Domain Reload Profiling:
	ReloadAssembly (851ms)
		BeginReloadAssembly (108ms)
			ExecutionOrderSort (0ms)
			DisableScriptedObjects (4ms)
			BackupInstance (0ms)
			ReleaseScriptingObjects (0ms)
			CreateAndSetChildDomain (34ms)
		EndReloadAssembly (690ms)
			LoadAssemblies (69ms)
			RebuildTransferFunctionScriptingTraits (0ms)
			SetupTypeCache (238ms)
			ReleaseScriptCaches (1ms)
			RebuildScriptCaches (32ms)
			SetupLoadedEditorAssemblies (230ms)
				LogAssemblyErrors (0ms)
				InitializePlatformSupportModulesInManaged (4ms)
				SetLoadedEditorAssemblies (0ms)
				RefreshPlugins (1ms)
				BeforeProcessingInitializeOnLoad (81ms)
				ProcessInitializeOnLoadAttributes (135ms)
				ProcessInitializeOnLoadMethodAttributes (3ms)
				AfterProcessingInitializeOnLoad (6ms)
				EditorAssembliesLoaded (0ms)
			ExecutionOrderSort2 (0ms)
			AwakeInstancesAfterBackupRestoration (15ms)
Platform modules already initialized, skipping
Refreshing native plugins compatible for Editor in 0.51 ms, found 2 plugins.
Preloading 0 native plugins for Editor in 0.00 ms.
Unloading 2596 Unused Serialized files (Serialized files now loaded: 0)
System memory in use before: 135.8 MB.
System memory in use after: 136.0 MB.

Unloading 12 unused Assets to reduce memory usage. Loaded Objects now: 3490.
Total: 3.316400 ms (FindLiveObjects: 0.290100 ms CreateObjectMapping: 0.073300 ms MarkObjects: 2.936000 ms  DeleteObjects: 0.016100 ms)

AssetImportParameters requested are different than current active one (requested -> active):
  custom:framework-win-MediaFoundation: 216162199b28c13a410421893ffa2e32 -> 
  custom:video-decoder-ogg-theora: a1e56fd34408186e4bbccfd4996cb3dc -> 
  custom:container-muxer-webm: aa71ff27fc2769a1b78a27578f13a17b -> 
  custom:container-demuxer-webm: 4f35f7cbe854078d1ac9338744f61a02 -> 
  custom:container-demuxer-ogg: 62fdf1f143b41e24485cea50d1cbac27 -> 
  custom:video-encoder-webm-vp8: eb34c28f22e8b96e1ab97ce403110664 -> 
  custom:video-decoder-webm-vp8: 9c59270c3fd7afecdb556c50c9e8de78 -> 
  custom:audio-decoder-ogg-vorbis: bf7c407c2cedff20999df2af8eb42d56 -> 
  custom:audio-encoder-webm-vorbis: bf7c407c2cedff20999df2af8eb42d56 -> 
========================================================================
Received Prepare
Registering precompiled user dll's ...
Registered in 0.003283 seconds.
Begin MonoManager ReloadAssembly
Native extension for WindowsStandalone target not found
Refreshing native plugins compatible for Editor in 0.54 ms, found 2 plugins.
Preloading 0 native plugins for Editor in 0.00 ms.
Mono: successfully reloaded assembly
- Completed reload, in  0.840 seconds
Domain Reload Profiling:
	ReloadAssembly (841ms)
		BeginReloadAssembly (96ms)
			ExecutionOrderSort (0ms)
			DisableScriptedObjects (4ms)
			BackupInstance (0ms)
			ReleaseScriptingObjects (0ms)
			CreateAndSetChildDomain (27ms)
		EndReloadAssembly (691ms)
			LoadAssemblies (69ms)
			RebuildTransferFunctionScriptingTraits (0ms)
			SetupTypeCache (233ms)
			ReleaseScriptCaches (1ms)
			RebuildScriptCaches (32ms)
			SetupLoadedEditorAssemblies (236ms)
				LogAssemblyErrors (0ms)
				InitializePlatformSupportModulesInManaged (3ms)
				SetLoadedEditorAssemblies (0ms)
				RefreshPlugins (1ms)
				BeforeProcessingInitializeOnLoad (79ms)
				ProcessInitializeOnLoadAttributes (143ms)
				ProcessInitializeOnLoadMethodAttributes (3ms)
				AfterProcessingInitializeOnLoad (6ms)
				EditorAssembliesLoaded (0ms)
			ExecutionOrderSort2 (0ms)
			AwakeInstancesAfterBackupRestoration (16ms)
Platform modules already initialized, skipping
Refreshing native plugins compatible for Editor in 0.50 ms, found 2 plugins.
Preloading 0 native plugins for Editor in 0.00 ms.
Unloading 2596 Unused Serialized files (Serialized files now loaded: 0)
System memory in use before: 135.8 MB.
System memory in use after: 136.0 MB.

Unloading 12 unused Assets to reduce memory usage. Loaded Objects now: 3492.
Total: 3.044300 ms (FindLiveObjects: 0.272400 ms CreateObjectMapping: 0.066900 ms MarkObjects: 2.690300 ms  DeleteObjects: 0.013700 ms)

AssetImportParameters requested are different than current active one (requested -> active):
  custom:framework-win-MediaFoundation: 216162199b28c13a410421893ffa2e32 -> 
  custom:video-decoder-ogg-theora: a1e56fd34408186e4bbccfd4996cb3dc -> 
  custom:container-muxer-webm: aa71ff27fc2769a1b78a27578f13a17b -> 
  custom:container-demuxer-webm: 4f35f7cbe854078d1ac9338744f61a02 -> 
  custom:container-demuxer-ogg: 62fdf1f143b41e24485cea50d1cbac27 -> 
  custom:video-encoder-webm-vp8: eb34c28f22e8b96e1ab97ce403110664 -> 
  custom:video-decoder-webm-vp8: 9c59270c3fd7afecdb556c50c9e8de78 -> 
  custom:audio-decoder-ogg-vorbis: bf7c407c2cedff20999df2af8eb42d56 -> 
  custom:audio-encoder-webm-vorbis: bf7c407c2cedff20999df2af8eb42d56 -> 
AssetImportWorkerClient::OnTransportError - code=2 error=End of file
